{"/home/matthew/Documents/Projects/RecipeBookApp/Frontend/RecipeBookAppFrontend/src/app/index.tsx": {"path":"/home/matthew/Documents/Projects/RecipeBookApp/Frontend/RecipeBookAppFrontend/src/app/index.tsx","statementMap":{"0":{"start":{"line":11,"column":26},"end":{"line":11,"column":42}},"1":{"start":{"line":12,"column":36},"end":{"line":12,"column":112}},"2":{"start":{"line":13,"column":34},"end":{"line":13,"column":55}},"3":{"start":{"line":14,"column":32},"end":{"line":14,"column":52}},"4":{"start":{"line":16,"column":2},"end":{"line":18,"column":9}},"5":{"start":{"line":17,"column":4},"end":{"line":17,"column":21}},"6":{"start":{"line":20,"column":25},"end":{"line":42,"column":3}},"7":{"start":{"line":21,"column":4},"end":{"line":41,"column":5}},"8":{"start":{"line":22,"column":24},"end":{"line":22,"column":43}},"9":{"start":{"line":23,"column":6},"end":{"line":31,"column":7}},"10":{"start":{"line":24,"column":8},"end":{"line":24,"column":26}},"11":{"start":{"line":26,"column":24},"end":{"line":26,"column":53}},"12":{"start":{"line":27,"column":8},"end":{"line":27,"column":45}},"13":{"start":{"line":29,"column":8},"end":{"line":29,"column":92}},"14":{"start":{"line":30,"column":8},"end":{"line":30,"column":27}},"15":{"start":{"line":33,"column":6},"end":{"line":33,"column":55}},"16":{"start":{"line":34,"column":6},"end":{"line":37,"column":8}},"17":{"start":{"line":38,"column":6},"end":{"line":38,"column":25}},"18":{"start":{"line":40,"column":6},"end":{"line":40,"column":24}},"19":{"start":{"line":44,"column":2},"end":{"line":50,"column":3}},"20":{"start":{"line":45,"column":4},"end":{"line":49,"column":6}},"21":{"start":{"line":52,"column":2},"end":{"line":109,"column":4}},"22":{"start":{"line":77,"column":25},"end":{"line":77,"column":48}},"23":{"start":{"line":85,"column":25},"end":{"line":85,"column":47}},"24":{"start":{"line":93,"column":25},"end":{"line":93,"column":49}},"25":{"start":{"line":101,"column":25},"end":{"line":101,"column":52}},"26":{"start":{"line":112,"column":15},"end":{"line":170,"column":2}}},"fnMap":{"0":{"name":"App","decl":{"start":{"line":10,"column":24},"end":{"line":10,"column":27}},"loc":{"start":{"line":10,"column":30},"end":{"line":110,"column":1}},"line":10},"1":{"name":"(anonymous_1)","decl":{"start":{"line":16,"column":12},"end":{"line":16,"column":13}},"loc":{"start":{"line":16,"column":18},"end":{"line":18,"column":3}},"line":16},"2":{"name":"(anonymous_2)","decl":{"start":{"line":20,"column":25},"end":{"line":20,"column":26}},"loc":{"start":{"line":20,"column":37},"end":{"line":42,"column":3}},"line":20},"3":{"name":"(anonymous_3)","decl":{"start":{"line":77,"column":19},"end":{"line":77,"column":20}},"loc":{"start":{"line":77,"column":25},"end":{"line":77,"column":48}},"line":77},"4":{"name":"(anonymous_4)","decl":{"start":{"line":85,"column":19},"end":{"line":85,"column":20}},"loc":{"start":{"line":85,"column":25},"end":{"line":85,"column":47}},"line":85},"5":{"name":"(anonymous_5)","decl":{"start":{"line":93,"column":19},"end":{"line":93,"column":20}},"loc":{"start":{"line":93,"column":25},"end":{"line":93,"column":49}},"line":93},"6":{"name":"(anonymous_6)","decl":{"start":{"line":101,"column":19},"end":{"line":101,"column":20}},"loc":{"start":{"line":101,"column":25},"end":{"line":101,"column":52}},"line":101}},"branchMap":{"0":{"loc":{"start":{"line":23,"column":6},"end":{"line":31,"column":7}},"type":"if","locations":[{"start":{"line":23,"column":6},"end":{"line":31,"column":7}},{"start":{"line":28,"column":13},"end":{"line":31,"column":7}}],"line":23},"1":{"loc":{"start":{"line":44,"column":2},"end":{"line":50,"column":3}},"type":"if","locations":[{"start":{"line":44,"column":2},"end":{"line":50,"column":3}},{"start":{},"end":{}}],"line":44},"2":{"loc":{"start":{"line":60,"column":33},"end":{"line":60,"column":65}},"type":"cond-expr","locations":[{"start":{"line":60,"column":44},"end":{"line":60,"column":53}},{"start":{"line":60,"column":56},"end":{"line":60,"column":65}}],"line":60},"3":{"loc":{"start":{"line":63,"column":43},"end":{"line":63,"column":77}},"type":"cond-expr","locations":[{"start":{"line":63,"column":54},"end":{"line":63,"column":65}},{"start":{"line":63,"column":68},"end":{"line":63,"column":77}}],"line":63},"4":{"loc":{"start":{"line":68,"column":7},"end":{"line":68,"column":51}},"type":"binary-expr","locations":[{"start":{"line":68,"column":7},"end":{"line":68,"column":30}},{"start":{"line":68,"column":34},"end":{"line":68,"column":51}}],"line":68},"5":{"loc":{"start":{"line":69,"column":7},"end":{"line":69,"column":59}},"type":"binary-expr","locations":[{"start":{"line":69,"column":7},"end":{"line":69,"column":34}},{"start":{"line":69,"column":38},"end":{"line":69,"column":59}}],"line":69},"6":{"loc":{"start":{"line":70,"column":7},"end":{"line":70,"column":56}},"type":"binary-expr","locations":[{"start":{"line":70,"column":7},"end":{"line":70,"column":29}},{"start":{"line":70,"column":33},"end":{"line":70,"column":56}}],"line":70},"7":{"loc":{"start":{"line":71,"column":7},"end":{"line":71,"column":57}},"type":"binary-expr","locations":[{"start":{"line":71,"column":7},"end":{"line":71,"column":31}},{"start":{"line":71,"column":35},"end":{"line":71,"column":57}}],"line":71},"8":{"loc":{"start":{"line":76,"column":36},"end":{"line":76,"column":85}},"type":"binary-expr","locations":[{"start":{"line":76,"column":36},"end":{"line":76,"column":59}},{"start":{"line":76,"column":63},"end":{"line":76,"column":85}}],"line":76},"9":{"loc":{"start":{"line":79,"column":40},"end":{"line":79,"column":87}},"type":"binary-expr","locations":[{"start":{"line":79,"column":40},"end":{"line":79,"column":63}},{"start":{"line":79,"column":67},"end":{"line":79,"column":87}}],"line":79},"10":{"loc":{"start":{"line":84,"column":36},"end":{"line":84,"column":84}},"type":"binary-expr","locations":[{"start":{"line":84,"column":36},"end":{"line":84,"column":58}},{"start":{"line":84,"column":62},"end":{"line":84,"column":84}}],"line":84},"11":{"loc":{"start":{"line":87,"column":40},"end":{"line":87,"column":86}},"type":"binary-expr","locations":[{"start":{"line":87,"column":40},"end":{"line":87,"column":62}},{"start":{"line":87,"column":66},"end":{"line":87,"column":86}}],"line":87},"12":{"loc":{"start":{"line":92,"column":36},"end":{"line":92,"column":86}},"type":"binary-expr","locations":[{"start":{"line":92,"column":36},"end":{"line":92,"column":60}},{"start":{"line":92,"column":64},"end":{"line":92,"column":86}}],"line":92},"13":{"loc":{"start":{"line":95,"column":40},"end":{"line":95,"column":88}},"type":"binary-expr","locations":[{"start":{"line":95,"column":40},"end":{"line":95,"column":64}},{"start":{"line":95,"column":68},"end":{"line":95,"column":88}}],"line":95},"14":{"loc":{"start":{"line":100,"column":36},"end":{"line":100,"column":89}},"type":"binary-expr","locations":[{"start":{"line":100,"column":36},"end":{"line":100,"column":63}},{"start":{"line":100,"column":67},"end":{"line":100,"column":89}}],"line":100},"15":{"loc":{"start":{"line":103,"column":40},"end":{"line":103,"column":91}},"type":"binary-expr","locations":[{"start":{"line":103,"column":40},"end":{"line":103,"column":67}},{"start":{"line":103,"column":71},"end":{"line":103,"column":91}}],"line":103}},"s":{"0":0,"1":0,"2":0,"3":0,"4":0,"5":0,"6":0,"7":0,"8":0,"9":0,"10":0,"11":0,"12":0,"13":0,"14":0,"15":0,"16":0,"17":0,"18":0,"19":0,"20":0,"21":0,"22":0,"23":0,"24":0,"25":0,"26":0},"f":{"0":0,"1":0,"2":0,"3":0,"4":0,"5":0,"6":0},"b":{"0":[0,0],"1":[0,0],"2":[0,0],"3":[0,0],"4":[0,0],"5":[0,0],"6":[0,0],"7":[0,0],"8":[0,0],"9":[0,0],"10":[0,0],"11":[0,0],"12":[0,0],"13":[0,0],"14":[0,0],"15":[0,0]}}
,"/home/matthew/Documents/Projects/RecipeBookApp/Frontend/RecipeBookAppFrontend/src/app/components/AddRecipeModal.tsx": {"path":"/home/matthew/Documents/Projects/RecipeBookApp/Frontend/RecipeBookAppFrontend/src/app/components/AddRecipeModal.tsx","statementMap":{"0":{"start":{"line":52,"column":26},"end":{"line":52,"column":42}},"1":{"start":{"line":55,"column":26},"end":{"line":55,"column":38}},"2":{"start":{"line":56,"column":40},"end":{"line":56,"column":52}},"3":{"start":{"line":57,"column":42},"end":{"line":57,"column":54}},"4":{"start":{"line":58,"column":34},"end":{"line":58,"column":46}},"5":{"start":{"line":59,"column":34},"end":{"line":59,"column":46}},"6":{"start":{"line":60,"column":34},"end":{"line":60,"column":46}},"7":{"start":{"line":63,"column":52},"end":{"line":63,"column":81}},"8":{"start":{"line":64,"column":40},"end":{"line":64,"column":72}},"9":{"start":{"line":65,"column":36},"end":{"line":65,"column":51}},"10":{"start":{"line":66,"column":30},"end":{"line":66,"column":45}},"11":{"start":{"line":69,"column":2},"end":{"line":73,"column":16}},"12":{"start":{"line":70,"column":4},"end":{"line":72,"column":5}},"13":{"start":{"line":71,"column":6},"end":{"line":71,"column":18}},"14":{"start":{"line":80,"column":20},"end":{"line":89,"column":3}},"15":{"start":{"line":81,"column":4},"end":{"line":81,"column":16}},"16":{"start":{"line":82,"column":4},"end":{"line":82,"column":23}},"17":{"start":{"line":83,"column":4},"end":{"line":83,"column":24}},"18":{"start":{"line":84,"column":4},"end":{"line":84,"column":20}},"19":{"start":{"line":85,"column":4},"end":{"line":85,"column":20}},"20":{"start":{"line":86,"column":4},"end":{"line":86,"column":20}},"21":{"start":{"line":87,"column":4},"end":{"line":87,"column":31}},"22":{"start":{"line":88,"column":4},"end":{"line":88,"column":23}},"23":{"start":{"line":99,"column":26},"end":{"line":117,"column":3}},"24":{"start":{"line":100,"column":26},"end":{"line":100,"column":96}},"25":{"start":{"line":102,"column":4},"end":{"line":115,"column":5}},"26":{"start":{"line":103,"column":20},"end":{"line":103,"column":33}},"27":{"start":{"line":104,"column":6},"end":{"line":114,"column":7}},"28":{"start":{"line":105,"column":8},"end":{"line":105,"column":52}},"29":{"start":{"line":105,"column":39},"end":{"line":105,"column":52}},"30":{"start":{"line":106,"column":8},"end":{"line":109,"column":9}},"31":{"start":{"line":107,"column":24},"end":{"line":107,"column":44}},"32":{"start":{"line":108,"column":10},"end":{"line":108,"column":51}},"33":{"start":{"line":108,"column":21},"end":{"line":108,"column":51}},"34":{"start":{"line":111,"column":8},"end":{"line":113,"column":9}},"35":{"start":{"line":112,"column":10},"end":{"line":112,"column":79}},"36":{"start":{"line":116,"column":4},"end":{"line":116,"column":16}},"37":{"start":{"line":130,"column":30},"end":{"line":170,"column":3}},"38":{"start":{"line":135,"column":33},"end":{"line":135,"column":87}},"39":{"start":{"line":135,"column":62},"end":{"line":135,"column":86}},"40":{"start":{"line":136,"column":43},"end":{"line":136,"column":45}},"41":{"start":{"line":139,"column":4},"end":{"line":145,"column":5}},"42":{"start":{"line":141,"column":6},"end":{"line":141,"column":89}},"43":{"start":{"line":141,"column":62},"end":{"line":141,"column":87}},"44":{"start":{"line":142,"column":11},"end":{"line":145,"column":5}},"45":{"start":{"line":144,"column":6},"end":{"line":144,"column":94}},"46":{"start":{"line":144,"column":75},"end":{"line":144,"column":92}},"47":{"start":{"line":147,"column":21},"end":{"line":147,"column":22}},"48":{"start":{"line":148,"column":41},"end":{"line":148,"column":43}},"49":{"start":{"line":151,"column":4},"end":{"line":162,"column":7}},"50":{"start":{"line":152,"column":22},"end":{"line":156,"column":8}},"51":{"start":{"line":155,"column":8},"end":{"line":155,"column":88}},"52":{"start":{"line":158,"column":6},"end":{"line":161,"column":7}},"53":{"start":{"line":159,"column":8},"end":{"line":159,"column":21}},"54":{"start":{"line":160,"column":8},"end":{"line":160,"column":41}},"55":{"start":{"line":165,"column":23},"end":{"line":167,"column":9}},"56":{"start":{"line":169,"column":4},"end":{"line":169,"column":46}},"57":{"start":{"line":187,"column":24},"end":{"line":260,"column":3}},"58":{"start":{"line":189,"column":4},"end":{"line":192,"column":5}},"59":{"start":{"line":190,"column":6},"end":{"line":190,"column":101}},"60":{"start":{"line":191,"column":6},"end":{"line":191,"column":13}},"61":{"start":{"line":194,"column":4},"end":{"line":194,"column":23}},"62":{"start":{"line":195,"column":4},"end":{"line":259,"column":5}},"63":{"start":{"line":197,"column":25},"end":{"line":197,"column":51}},"64":{"start":{"line":200,"column":30},"end":{"line":203,"column":40}},"65":{"start":{"line":202,"column":22},"end":{"line":202,"column":32}},"66":{"start":{"line":203,"column":25},"end":{"line":203,"column":39}},"67":{"start":{"line":205,"column":43},"end":{"line":205,"column":45}},"68":{"start":{"line":208,"column":6},"end":{"line":227,"column":9}},"69":{"start":{"line":209,"column":8},"end":{"line":209,"column":40}},"70":{"start":{"line":209,"column":33},"end":{"line":209,"column":40}},"71":{"start":{"line":212,"column":51},"end":{"line":215,"column":9}},"72":{"start":{"line":218,"column":8},"end":{"line":226,"column":9}},"73":{"start":{"line":219,"column":27},"end":{"line":219,"column":50}},"74":{"start":{"line":220,"column":10},"end":{"line":225,"column":13}},"75":{"start":{"line":230,"column":6},"end":{"line":230,"column":59}},"76":{"start":{"line":230,"column":30},"end":{"line":230,"column":57}},"77":{"start":{"line":232,"column":6},"end":{"line":232,"column":43}},"78":{"start":{"line":236,"column":6},"end":{"line":245,"column":7}},"79":{"start":{"line":237,"column":36},"end":{"line":237,"column":88}},"80":{"start":{"line":237,"column":59},"end":{"line":237,"column":87}},"81":{"start":{"line":238,"column":8},"end":{"line":244,"column":9}},"82":{"start":{"line":239,"column":30},"end":{"line":242,"column":11}},"83":{"start":{"line":240,"column":51},"end":{"line":240,"column":83}},"84":{"start":{"line":243,"column":10},"end":{"line":243,"column":44}},"85":{"start":{"line":248,"column":6},"end":{"line":253,"column":8}},"86":{"start":{"line":255,"column":6},"end":{"line":255,"column":54}},"87":{"start":{"line":256,"column":6},"end":{"line":256,"column":74}},"88":{"start":{"line":258,"column":6},"end":{"line":258,"column":26}},"89":{"start":{"line":274,"column":21},"end":{"line":322,"column":3}},"90":{"start":{"line":276,"column":4},"end":{"line":279,"column":5}},"91":{"start":{"line":277,"column":6},"end":{"line":277,"column":96}},"92":{"start":{"line":278,"column":6},"end":{"line":278,"column":13}},"93":{"start":{"line":281,"column":4},"end":{"line":281,"column":20}},"94":{"start":{"line":282,"column":4},"end":{"line":321,"column":5}},"95":{"start":{"line":284,"column":29},"end":{"line":300,"column":7}},"96":{"start":{"line":289,"column":24},"end":{"line":289,"column":34}},"97":{"start":{"line":290,"column":27},"end":{"line":290,"column":41}},"98":{"start":{"line":294,"column":25},"end":{"line":294,"column":36}},"99":{"start":{"line":295,"column":28},"end":{"line":295,"column":43}},"100":{"start":{"line":303,"column":6},"end":{"line":305,"column":7}},"101":{"start":{"line":304,"column":8},"end":{"line":304,"column":63}},"102":{"start":{"line":308,"column":6},"end":{"line":308,"column":30}},"103":{"start":{"line":309,"column":6},"end":{"line":309,"column":59}},"104":{"start":{"line":312,"column":6},"end":{"line":312,"column":22}},"105":{"start":{"line":315,"column":6},"end":{"line":315,"column":16}},"106":{"start":{"line":317,"column":6},"end":{"line":317,"column":51}},"107":{"start":{"line":318,"column":6},"end":{"line":318,"column":70}},"108":{"start":{"line":320,"column":6},"end":{"line":320,"column":23}},"109":{"start":{"line":331,"column":26},"end":{"line":366,"column":3}},"110":{"start":{"line":332,"column":4},"end":{"line":365,"column":6}},"111":{"start":{"line":341,"column":12},"end":{"line":343,"column":13}},"112":{"start":{"line":342,"column":14},"end":{"line":342,"column":79}},"113":{"start":{"line":345,"column":12},"end":{"line":347,"column":13}},"114":{"start":{"line":346,"column":14},"end":{"line":346,"column":86}},"115":{"start":{"line":349,"column":12},"end":{"line":351,"column":13}},"116":{"start":{"line":350,"column":14},"end":{"line":350,"column":86}},"117":{"start":{"line":354,"column":12},"end":{"line":356,"column":13}},"118":{"start":{"line":355,"column":14},"end":{"line":355,"column":86}},"119":{"start":{"line":359,"column":12},"end":{"line":361,"column":13}},"120":{"start":{"line":360,"column":14},"end":{"line":360,"column":65}},"121":{"start":{"line":369,"column":2},"end":{"line":512,"column":4}},"122":{"start":{"line":419,"column":52},"end":{"line":419,"column":71}},"123":{"start":{"line":428,"column":16},"end":{"line":450,"column":35}},"124":{"start":{"line":431,"column":33},"end":{"line":431,"column":60}},"125":{"start":{"line":515,"column":15},"end":{"line":681,"column":2}}},"fnMap":{"0":{"name":"AddRecipeModal","decl":{"start":{"line":50,"column":24},"end":{"line":50,"column":38}},"loc":{"start":{"line":50,"column":97},"end":{"line":513,"column":1}},"line":50},"1":{"name":"(anonymous_1)","decl":{"start":{"line":69,"column":12},"end":{"line":69,"column":13}},"loc":{"start":{"line":69,"column":18},"end":{"line":73,"column":3}},"line":69},"2":{"name":"(anonymous_2)","decl":{"start":{"line":80,"column":20},"end":{"line":80,"column":21}},"loc":{"start":{"line":80,"column":26},"end":{"line":89,"column":3}},"line":80},"3":{"name":"(anonymous_3)","decl":{"start":{"line":99,"column":26},"end":{"line":99,"column":27}},"loc":{"start":{"line":99,"column":67},"end":{"line":117,"column":3}},"line":99},"4":{"name":"(anonymous_4)","decl":{"start":{"line":130,"column":30},"end":{"line":130,"column":31}},"loc":{"start":{"line":133,"column":7},"end":{"line":170,"column":3}},"line":133},"5":{"name":"(anonymous_5)","decl":{"start":{"line":135,"column":53},"end":{"line":135,"column":54}},"loc":{"start":{"line":135,"column":62},"end":{"line":135,"column":86}},"line":135},"6":{"name":"(anonymous_6)","decl":{"start":{"line":141,"column":53},"end":{"line":141,"column":54}},"loc":{"start":{"line":141,"column":62},"end":{"line":141,"column":87}},"line":141},"7":{"name":"(anonymous_7)","decl":{"start":{"line":144,"column":66},"end":{"line":144,"column":67}},"loc":{"start":{"line":144,"column":75},"end":{"line":144,"column":92}},"line":144},"8":{"name":"(anonymous_8)","decl":{"start":{"line":151,"column":33},"end":{"line":151,"column":34}},"loc":{"start":{"line":151,"column":46},"end":{"line":162,"column":5}},"line":151},"9":{"name":"(anonymous_9)","decl":{"start":{"line":152,"column":50},"end":{"line":152,"column":51}},"loc":{"start":{"line":152,"column":65},"end":{"line":156,"column":7}},"line":152},"10":{"name":"(anonymous_10)","decl":{"start":{"line":187,"column":24},"end":{"line":187,"column":25}},"loc":{"start":{"line":187,"column":36},"end":{"line":260,"column":3}},"line":187},"11":{"name":"(anonymous_11)","decl":{"start":{"line":202,"column":13},"end":{"line":202,"column":14}},"loc":{"start":{"line":202,"column":22},"end":{"line":202,"column":32}},"line":202},"12":{"name":"(anonymous_12)","decl":{"start":{"line":203,"column":16},"end":{"line":203,"column":17}},"loc":{"start":{"line":203,"column":25},"end":{"line":203,"column":39}},"line":203},"13":{"name":"(anonymous_13)","decl":{"start":{"line":208,"column":33},"end":{"line":208,"column":34}},"loc":{"start":{"line":208,"column":45},"end":{"line":227,"column":7}},"line":208},"14":{"name":"(anonymous_14)","decl":{"start":{"line":230,"column":20},"end":{"line":230,"column":21}},"loc":{"start":{"line":230,"column":30},"end":{"line":230,"column":57}},"line":230},"15":{"name":"(anonymous_15)","decl":{"start":{"line":237,"column":52},"end":{"line":237,"column":53}},"loc":{"start":{"line":237,"column":59},"end":{"line":237,"column":87}},"line":237},"16":{"name":"(anonymous_16)","decl":{"start":{"line":240,"column":39},"end":{"line":240,"column":40}},"loc":{"start":{"line":240,"column":51},"end":{"line":240,"column":83}},"line":240},"17":{"name":"(anonymous_17)","decl":{"start":{"line":274,"column":21},"end":{"line":274,"column":22}},"loc":{"start":{"line":274,"column":33},"end":{"line":322,"column":3}},"line":274},"18":{"name":"(anonymous_18)","decl":{"start":{"line":289,"column":15},"end":{"line":289,"column":16}},"loc":{"start":{"line":289,"column":24},"end":{"line":289,"column":34}},"line":289},"19":{"name":"(anonymous_19)","decl":{"start":{"line":290,"column":18},"end":{"line":290,"column":19}},"loc":{"start":{"line":290,"column":27},"end":{"line":290,"column":41}},"line":290},"20":{"name":"(anonymous_20)","decl":{"start":{"line":294,"column":15},"end":{"line":294,"column":16}},"loc":{"start":{"line":294,"column":25},"end":{"line":294,"column":36}},"line":294},"21":{"name":"(anonymous_21)","decl":{"start":{"line":295,"column":18},"end":{"line":295,"column":19}},"loc":{"start":{"line":295,"column":28},"end":{"line":295,"column":43}},"line":295},"22":{"name":"(anonymous_22)","decl":{"start":{"line":331,"column":26},"end":{"line":331,"column":27}},"loc":{"start":{"line":331,"column":60},"end":{"line":366,"column":3}},"line":331},"23":{"name":"(anonymous_23)","decl":{"start":{"line":339,"column":19},"end":{"line":339,"column":20}},"loc":{"start":{"line":339,"column":25},"end":{"line":362,"column":11}},"line":339},"24":{"name":"(anonymous_24)","decl":{"start":{"line":419,"column":45},"end":{"line":419,"column":46}},"loc":{"start":{"line":419,"column":52},"end":{"line":419,"column":71}},"line":419},"25":{"name":"(anonymous_25)","decl":{"start":{"line":427,"column":31},"end":{"line":427,"column":32}},"loc":{"start":{"line":428,"column":16},"end":{"line":450,"column":35}},"line":428},"26":{"name":"(anonymous_26)","decl":{"start":{"line":431,"column":27},"end":{"line":431,"column":28}},"loc":{"start":{"line":431,"column":33},"end":{"line":431,"column":60}},"line":431}},"branchMap":{"0":{"loc":{"start":{"line":70,"column":4},"end":{"line":72,"column":5}},"type":"if","locations":[{"start":{"line":70,"column":4},"end":{"line":72,"column":5}},{"start":{},"end":{}}],"line":70},"1":{"loc":{"start":{"line":104,"column":6},"end":{"line":114,"column":7}},"type":"if","locations":[{"start":{"line":104,"column":6},"end":{"line":114,"column":7}},{"start":{},"end":{}}],"line":104},"2":{"loc":{"start":{"line":104,"column":10},"end":{"line":104,"column":47}},"type":"binary-expr","locations":[{"start":{"line":104,"column":10},"end":{"line":104,"column":29}},{"start":{"line":104,"column":33},"end":{"line":104,"column":47}}],"line":104},"3":{"loc":{"start":{"line":105,"column":8},"end":{"line":105,"column":52}},"type":"if","locations":[{"start":{"line":105,"column":8},"end":{"line":105,"column":52}},{"start":{},"end":{}}],"line":105},"4":{"loc":{"start":{"line":106,"column":8},"end":{"line":109,"column":9}},"type":"if","locations":[{"start":{"line":106,"column":8},"end":{"line":109,"column":9}},{"start":{},"end":{}}],"line":106},"5":{"loc":{"start":{"line":108,"column":10},"end":{"line":108,"column":51}},"type":"if","locations":[{"start":{"line":108,"column":10},"end":{"line":108,"column":51}},{"start":{},"end":{}}],"line":108},"6":{"loc":{"start":{"line":111,"column":8},"end":{"line":113,"column":9}},"type":"if","locations":[{"start":{"line":111,"column":8},"end":{"line":113,"column":9}},{"start":{},"end":{}}],"line":111},"7":{"loc":{"start":{"line":111,"column":12},"end":{"line":111,"column":55}},"type":"binary-expr","locations":[{"start":{"line":111,"column":12},"end":{"line":111,"column":37}},{"start":{"line":111,"column":41},"end":{"line":111,"column":55}}],"line":111},"8":{"loc":{"start":{"line":139,"column":4},"end":{"line":145,"column":5}},"type":"if","locations":[{"start":{"line":139,"column":4},"end":{"line":145,"column":5}},{"start":{"line":142,"column":11},"end":{"line":145,"column":5}}],"line":139},"9":{"loc":{"start":{"line":142,"column":11},"end":{"line":145,"column":5}},"type":"if","locations":[{"start":{"line":142,"column":11},"end":{"line":145,"column":5}},{"start":{},"end":{}}],"line":142},"10":{"loc":{"start":{"line":142,"column":15},"end":{"line":142,"column":82}},"type":"binary-expr","locations":[{"start":{"line":142,"column":15},"end":{"line":142,"column":52}},{"start":{"line":142,"column":56},"end":{"line":142,"column":82}}],"line":142},"11":{"loc":{"start":{"line":155,"column":15},"end":{"line":155,"column":87}},"type":"binary-expr","locations":[{"start":{"line":155,"column":15},"end":{"line":155,"column":42}},{"start":{"line":155,"column":46},"end":{"line":155,"column":87}}],"line":155},"12":{"loc":{"start":{"line":158,"column":6},"end":{"line":161,"column":7}},"type":"if","locations":[{"start":{"line":158,"column":6},"end":{"line":161,"column":7}},{"start":{},"end":{}}],"line":158},"13":{"loc":{"start":{"line":165,"column":23},"end":{"line":167,"column":9}},"type":"cond-expr","locations":[{"start":{"line":166,"column":8},"end":{"line":166,"column":56}},{"start":{"line":167,"column":8},"end":{"line":167,"column":9}}],"line":165},"14":{"loc":{"start":{"line":189,"column":4},"end":{"line":192,"column":5}},"type":"if","locations":[{"start":{"line":189,"column":4},"end":{"line":192,"column":5}},{"start":{},"end":{}}],"line":189},"15":{"loc":{"start":{"line":209,"column":8},"end":{"line":209,"column":40}},"type":"if","locations":[{"start":{"line":209,"column":8},"end":{"line":209,"column":40}},{"start":{},"end":{}}],"line":209},"16":{"loc":{"start":{"line":218,"column":8},"end":{"line":226,"column":9}},"type":"if","locations":[{"start":{"line":218,"column":8},"end":{"line":226,"column":9}},{"start":{},"end":{}}],"line":218},"17":{"loc":{"start":{"line":236,"column":6},"end":{"line":245,"column":7}},"type":"if","locations":[{"start":{"line":236,"column":6},"end":{"line":245,"column":7}},{"start":{},"end":{}}],"line":236},"18":{"loc":{"start":{"line":238,"column":8},"end":{"line":244,"column":9}},"type":"if","locations":[{"start":{"line":238,"column":8},"end":{"line":244,"column":9}},{"start":{},"end":{}}],"line":238},"19":{"loc":{"start":{"line":240,"column":58},"end":{"line":240,"column":82}},"type":"binary-expr","locations":[{"start":{"line":240,"column":58},"end":{"line":240,"column":77}},{"start":{"line":240,"column":81},"end":{"line":240,"column":82}}],"line":240},"20":{"loc":{"start":{"line":251,"column":10},"end":{"line":251,"column":81}},"type":"cond-expr","locations":[{"start":{"line":251,"column":30},"end":{"line":251,"column":76}},{"start":{"line":251,"column":79},"end":{"line":251,"column":81}}],"line":251},"21":{"loc":{"start":{"line":276,"column":4},"end":{"line":279,"column":5}},"type":"if","locations":[{"start":{"line":276,"column":4},"end":{"line":279,"column":5}},{"start":{},"end":{}}],"line":276},"22":{"loc":{"start":{"line":276,"column":8},"end":{"line":276,"column":67}},"type":"binary-expr","locations":[{"start":{"line":276,"column":8},"end":{"line":276,"column":20}},{"start":{"line":276,"column":24},"end":{"line":276,"column":43}},{"start":{"line":276,"column":47},"end":{"line":276,"column":67}}],"line":276},"23":{"loc":{"start":{"line":296,"column":19},"end":{"line":296,"column":42}},"type":"binary-expr","locations":[{"start":{"line":296,"column":19},"end":{"line":296,"column":37}},{"start":{"line":296,"column":41},"end":{"line":296,"column":42}}],"line":296},"24":{"loc":{"start":{"line":297,"column":19},"end":{"line":297,"column":42}},"type":"binary-expr","locations":[{"start":{"line":297,"column":19},"end":{"line":297,"column":37}},{"start":{"line":297,"column":41},"end":{"line":297,"column":42}}],"line":297},"25":{"loc":{"start":{"line":298,"column":18},"end":{"line":298,"column":41}},"type":"binary-expr","locations":[{"start":{"line":298,"column":18},"end":{"line":298,"column":36}},{"start":{"line":298,"column":40},"end":{"line":298,"column":41}}],"line":298},"26":{"loc":{"start":{"line":303,"column":6},"end":{"line":305,"column":7}},"type":"if","locations":[{"start":{"line":303,"column":6},"end":{"line":305,"column":7}},{"start":{},"end":{}}],"line":303},"27":{"loc":{"start":{"line":334,"column":27},"end":{"line":334,"column":76}},"type":"binary-expr","locations":[{"start":{"line":334,"column":27},"end":{"line":334,"column":49}},{"start":{"line":334,"column":53},"end":{"line":334,"column":76}}],"line":334},"28":{"loc":{"start":{"line":341,"column":12},"end":{"line":343,"column":13}},"type":"if","locations":[{"start":{"line":341,"column":12},"end":{"line":343,"column":13}},{"start":{},"end":{}}],"line":341},"29":{"loc":{"start":{"line":341,"column":16},"end":{"line":341,"column":83}},"type":"binary-expr","locations":[{"start":{"line":341,"column":16},"end":{"line":341,"column":28}},{"start":{"line":341,"column":33},"end":{"line":341,"column":55}},{"start":{"line":341,"column":59},"end":{"line":341,"column":82}}],"line":341},"30":{"loc":{"start":{"line":342,"column":22},"end":{"line":342,"column":77}},"type":"binary-expr","locations":[{"start":{"line":342,"column":22},"end":{"line":342,"column":44}},{"start":{"line":342,"column":48},"end":{"line":342,"column":71}},{"start":{"line":342,"column":75},"end":{"line":342,"column":77}}],"line":342},"31":{"loc":{"start":{"line":345,"column":12},"end":{"line":347,"column":13}},"type":"if","locations":[{"start":{"line":345,"column":12},"end":{"line":347,"column":13}},{"start":{},"end":{}}],"line":345},"32":{"loc":{"start":{"line":346,"column":26},"end":{"line":346,"column":84}},"type":"binary-expr","locations":[{"start":{"line":346,"column":26},"end":{"line":346,"column":78}},{"start":{"line":346,"column":82},"end":{"line":346,"column":84}}],"line":346},"33":{"loc":{"start":{"line":349,"column":12},"end":{"line":351,"column":13}},"type":"if","locations":[{"start":{"line":349,"column":12},"end":{"line":351,"column":13}},{"start":{},"end":{}}],"line":349},"34":{"loc":{"start":{"line":350,"column":26},"end":{"line":350,"column":84}},"type":"binary-expr","locations":[{"start":{"line":350,"column":26},"end":{"line":350,"column":78}},{"start":{"line":350,"column":82},"end":{"line":350,"column":84}}],"line":350},"35":{"loc":{"start":{"line":354,"column":12},"end":{"line":356,"column":13}},"type":"if","locations":[{"start":{"line":354,"column":12},"end":{"line":356,"column":13}},{"start":{},"end":{}}],"line":354},"36":{"loc":{"start":{"line":355,"column":26},"end":{"line":355,"column":84}},"type":"binary-expr","locations":[{"start":{"line":355,"column":26},"end":{"line":355,"column":78}},{"start":{"line":355,"column":82},"end":{"line":355,"column":84}}],"line":355},"37":{"loc":{"start":{"line":359,"column":12},"end":{"line":361,"column":13}},"type":"if","locations":[{"start":{"line":359,"column":12},"end":{"line":361,"column":13}},{"start":{},"end":{}}],"line":359},"38":{"loc":{"start":{"line":405,"column":22},"end":{"line":405,"column":54}},"type":"binary-expr","locations":[{"start":{"line":405,"column":22},"end":{"line":405,"column":31}},{"start":{"line":405,"column":35},"end":{"line":405,"column":54}}],"line":405},"39":{"loc":{"start":{"line":407,"column":13},"end":{"line":411,"column":13}},"type":"cond-expr","locations":[{"start":{"line":408,"column":14},"end":{"line":408,"column":48}},{"start":{"line":410,"column":14},"end":{"line":410,"column":88}}],"line":407},"40":{"loc":{"start":{"line":414,"column":11},"end":{"line":422,"column":11}},"type":"binary-expr","locations":[{"start":{"line":414,"column":11},"end":{"line":414,"column":37}},{"start":{"line":415,"column":12},"end":{"line":421,"column":19}}],"line":414},"41":{"loc":{"start":{"line":424,"column":11},"end":{"line":453,"column":11}},"type":"binary-expr","locations":[{"start":{"line":424,"column":11},"end":{"line":424,"column":33}},{"start":{"line":425,"column":12},"end":{"line":452,"column":19}}],"line":424},"42":{"loc":{"start":{"line":435,"column":23},"end":{"line":435,"column":72}},"type":"binary-expr","locations":[{"start":{"line":435,"column":23},"end":{"line":435,"column":45}},{"start":{"line":435,"column":49},"end":{"line":435,"column":72}}],"line":435},"43":{"loc":{"start":{"line":444,"column":19},"end":{"line":448,"column":19}},"type":"binary-expr","locations":[{"start":{"line":444,"column":19},"end":{"line":444,"column":47}},{"start":{"line":445,"column":20},"end":{"line":447,"column":27}}],"line":444},"44":{"loc":{"start":{"line":499,"column":39},"end":{"line":499,"column":74}},"type":"binary-expr","locations":[{"start":{"line":499,"column":39},"end":{"line":499,"column":45}},{"start":{"line":499,"column":49},"end":{"line":499,"column":74}}],"line":499},"45":{"loc":{"start":{"line":503,"column":13},"end":{"line":507,"column":13}},"type":"cond-expr","locations":[{"start":{"line":504,"column":14},"end":{"line":504,"column":48}},{"start":{"line":506,"column":14},"end":{"line":506,"column":68}}],"line":503}},"s":{"0":0,"1":0,"2":0,"3":0,"4":0,"5":0,"6":0,"7":0,"8":0,"9":0,"10":0,"11":0,"12":0,"13":0,"14":0,"15":0,"16":0,"17":0,"18":0,"19":0,"20":0,"21":0,"22":0,"23":0,"24":0,"25":0,"26":0,"27":0,"28":0,"29":0,"30":0,"31":0,"32":0,"33":0,"34":0,"35":0,"36":0,"37":0,"38":0,"39":0,"40":0,"41":0,"42":0,"43":0,"44":0,"45":0,"46":0,"47":0,"48":0,"49":0,"50":0,"51":0,"52":0,"53":0,"54":0,"55":0,"56":0,"57":0,"58":0,"59":0,"60":0,"61":0,"62":0,"63":0,"64":0,"65":0,"66":0,"67":0,"68":0,"69":0,"70":0,"71":0,"72":0,"73":0,"74":0,"75":0,"76":0,"77":0,"78":0,"79":0,"80":0,"81":0,"82":0,"83":0,"84":0,"85":0,"86":0,"87":0,"88":0,"89":0,"90":0,"91":0,"92":0,"93":0,"94":0,"95":0,"96":0,"97":0,"98":0,"99":0,"100":0,"101":0,"102":0,"103":0,"104":0,"105":0,"106":0,"107":0,"108":0,"109":0,"110":0,"111":0,"112":0,"113":0,"114":0,"115":0,"116":0,"117":0,"118":0,"119":0,"120":0,"121":0,"122":0,"123":0,"124":0,"125":0},"f":{"0":0,"1":0,"2":0,"3":0,"4":0,"5":0,"6":0,"7":0,"8":0,"9":0,"10":0,"11":0,"12":0,"13":0,"14":0,"15":0,"16":0,"17":0,"18":0,"19":0,"20":0,"21":0,"22":0,"23":0,"24":0,"25":0,"26":0},"b":{"0":[0,0],"1":[0,0],"2":[0,0],"3":[0,0],"4":[0,0],"5":[0,0],"6":[0,0],"7":[0,0],"8":[0,0],"9":[0,0],"10":[0,0],"11":[0,0],"12":[0,0],"13":[0,0],"14":[0,0],"15":[0,0],"16":[0,0],"17":[0,0],"18":[0,0],"19":[0,0],"20":[0,0],"21":[0,0],"22":[0,0,0],"23":[0,0],"24":[0,0],"25":[0,0],"26":[0,0],"27":[0,0],"28":[0,0],"29":[0,0,0],"30":[0,0,0],"31":[0,0],"32":[0,0],"33":[0,0],"34":[0,0],"35":[0,0],"36":[0,0],"37":[0,0],"38":[0,0],"39":[0,0],"40":[0,0],"41":[0,0],"42":[0,0],"43":[0,0],"44":[0,0],"45":[0,0]}}
,"/home/matthew/Documents/Projects/RecipeBookApp/Frontend/RecipeBookAppFrontend/src/app/components/BARCODE_IMPLEMENTATION_GUIDE.tsx": {"path":"/home/matthew/Documents/Projects/RecipeBookApp/Frontend/RecipeBookAppFrontend/src/app/components/BARCODE_IMPLEMENTATION_GUIDE.tsx","statementMap":{"0":{"start":{"line":35,"column":54},"end":{"line":35,"column":69}},"1":{"start":{"line":36,"column":46},"end":{"line":36,"column":65}},"2":{"start":{"line":42,"column":29},"end":{"line":90,"column":3}},"3":{"start":{"line":43,"column":4},"end":{"line":43,"column":43}},"4":{"start":{"line":46,"column":4},"end":{"line":89,"column":6}},"5":{"start":{"line":59,"column":12},"end":{"line":85,"column":13}},"6":{"start":{"line":61,"column":30},"end":{"line":73,"column":15}},"7":{"start":{"line":76,"column":14},"end":{"line":76,"column":45}},"8":{"start":{"line":78,"column":14},"end":{"line":78,"column":72}},"9":{"start":{"line":83,"column":14},"end":{"line":83,"column":60}},"10":{"start":{"line":84,"column":14},"end":{"line":84,"column":77}},"11":{"start":{"line":95,"column":35},"end":{"line":108,"column":3}},"12":{"start":{"line":96,"column":4},"end":{"line":107,"column":5}},"13":{"start":{"line":97,"column":21},"end":{"line":97,"column":49}},"14":{"start":{"line":99,"column":6},"end":{"line":103,"column":7}},"15":{"start":{"line":100,"column":8},"end":{"line":100,"column":43}},"16":{"start":{"line":102,"column":8},"end":{"line":102,"column":86}},"17":{"start":{"line":105,"column":6},"end":{"line":105,"column":52}},"18":{"start":{"line":106,"column":6},"end":{"line":106,"column":56}},"19":{"start":{"line":110,"column":2},"end":{"line":156,"column":4}},"20":{"start":{"line":115,"column":23},"end":{"line":115,"column":50}},"21":{"start":{"line":123,"column":23},"end":{"line":123,"column":51}},"22":{"start":{"line":166,"column":2},"end":{"line":185,"column":4}},"23":{"start":{"line":200,"column":2},"end":{"line":217,"column":4}},"24":{"start":{"line":275,"column":15},"end":{"line":388,"column":2}}},"fnMap":{"0":{"name":"ExampleShoppingListWithBarcode","decl":{"start":{"line":34,"column":16},"end":{"line":34,"column":46}},"loc":{"start":{"line":34,"column":49},"end":{"line":157,"column":1}},"line":34},"1":{"name":"(anonymous_1)","decl":{"start":{"line":42,"column":29},"end":{"line":42,"column":30}},"loc":{"start":{"line":42,"column":53},"end":{"line":90,"column":3}},"line":42},"2":{"name":"(anonymous_2)","decl":{"start":{"line":58,"column":19},"end":{"line":58,"column":20}},"loc":{"start":{"line":58,"column":31},"end":{"line":86,"column":11}},"line":58},"3":{"name":"(anonymous_3)","decl":{"start":{"line":95,"column":35},"end":{"line":95,"column":36}},"loc":{"start":{"line":95,"column":62},"end":{"line":108,"column":3}},"line":95},"4":{"name":"(anonymous_4)","decl":{"start":{"line":115,"column":17},"end":{"line":115,"column":18}},"loc":{"start":{"line":115,"column":23},"end":{"line":115,"column":50}},"line":115},"5":{"name":"(anonymous_5)","decl":{"start":{"line":123,"column":17},"end":{"line":123,"column":18}},"loc":{"start":{"line":123,"column":23},"end":{"line":123,"column":51}},"line":123},"6":{"name":"ShoppingListItemWithNutrition","decl":{"start":{"line":165,"column":16},"end":{"line":165,"column":45}},"loc":{"start":{"line":165,"column":71},"end":{"line":186,"column":1}},"line":165},"7":{"name":"InventoryItemWithNutrition","decl":{"start":{"line":199,"column":16},"end":{"line":199,"column":42}},"loc":{"start":{"line":199,"column":68},"end":{"line":218,"column":1}},"line":199}},"branchMap":{"0":{"loc":{"start":{"line":66,"column":26},"end":{"line":66,"column":53}},"type":"binary-expr","locations":[{"start":{"line":66,"column":26},"end":{"line":66,"column":42}},{"start":{"line":66,"column":46},"end":{"line":66,"column":53}}],"line":66},"1":{"loc":{"start":{"line":99,"column":6},"end":{"line":103,"column":7}},"type":"if","locations":[{"start":{"line":99,"column":6},"end":{"line":103,"column":7}},{"start":{"line":101,"column":13},"end":{"line":103,"column":7}}],"line":99},"2":{"loc":{"start":{"line":99,"column":10},"end":{"line":99,"column":40}},"type":"binary-expr","locations":[{"start":{"line":99,"column":10},"end":{"line":99,"column":22}},{"start":{"line":99,"column":26},"end":{"line":99,"column":40}}],"line":99},"3":{"loc":{"start":{"line":125,"column":16},"end":{"line":125,"column":74}},"type":"binary-expr","locations":[{"start":{"line":125,"column":16},"end":{"line":125,"column":47}},{"start":{"line":125,"column":51},"end":{"line":125,"column":74}}],"line":125},"4":{"loc":{"start":{"line":129,"column":7},"end":{"line":154,"column":7}},"type":"binary-expr","locations":[{"start":{"line":129,"column":7},"end":{"line":129,"column":21}},{"start":{"line":130,"column":8},"end":{"line":153,"column":15}}],"line":129},"5":{"loc":{"start":{"line":169,"column":41},"end":{"line":169,"column":87}},"type":"binary-expr","locations":[{"start":{"line":169,"column":41},"end":{"line":169,"column":54}},{"start":{"line":169,"column":58},"end":{"line":169,"column":87}}],"line":169},"6":{"loc":{"start":{"line":172,"column":7},"end":{"line":178,"column":7}},"type":"binary-expr","locations":[{"start":{"line":172,"column":7},"end":{"line":172,"column":20}},{"start":{"line":173,"column":8},"end":{"line":177,"column":15}}],"line":172},"7":{"loc":{"start":{"line":181,"column":7},"end":{"line":183,"column":7}},"type":"binary-expr","locations":[{"start":{"line":181,"column":7},"end":{"line":181,"column":19}},{"start":{"line":182,"column":8},"end":{"line":182,"column":65}}],"line":181},"8":{"loc":{"start":{"line":206,"column":7},"end":{"line":215,"column":7}},"type":"binary-expr","locations":[{"start":{"line":206,"column":7},"end":{"line":206,"column":20}},{"start":{"line":207,"column":8},"end":{"line":214,"column":15}}],"line":206}},"s":{"0":0,"1":0,"2":0,"3":0,"4":0,"5":0,"6":0,"7":0,"8":0,"9":0,"10":0,"11":0,"12":0,"13":0,"14":0,"15":0,"16":0,"17":0,"18":0,"19":0,"20":0,"21":0,"22":0,"23":0,"24":0},"f":{"0":0,"1":0,"2":0,"3":0,"4":0,"5":0,"6":0,"7":0},"b":{"0":[0,0],"1":[0,0],"2":[0,0],"3":[0,0],"4":[0,0],"5":[0,0],"6":[0,0],"7":[0,0],"8":[0,0]}}
,"/home/matthew/Documents/Projects/RecipeBookApp/Frontend/RecipeBookAppFrontend/src/app/components/BarcodeScannerModal.tsx": {"path":"/home/matthew/Documents/Projects/RecipeBookApp/Frontend/RecipeBookAppFrontend/src/app/components/BarcodeScannerModal.tsx","statementMap":{"0":{"start":{"line":55,"column":44},"end":{"line":55,"column":74}},"1":{"start":{"line":56,"column":32},"end":{"line":56,"column":47}},"2":{"start":{"line":57,"column":32},"end":{"line":57,"column":47}},"3":{"start":{"line":58,"column":38},"end":{"line":58,"column":53}},"4":{"start":{"line":59,"column":44},"end":{"line":59,"column":56}},"5":{"start":{"line":62,"column":2},"end":{"line":66,"column":16}},"6":{"start":{"line":63,"column":4},"end":{"line":65,"column":5}},"7":{"start":{"line":64,"column":6},"end":{"line":64,"column":32}},"8":{"start":{"line":68,"column":34},"end":{"line":71,"column":3}},"9":{"start":{"line":69,"column":23},"end":{"line":69,"column":67}},"10":{"start":{"line":70,"column":4},"end":{"line":70,"column":43}},"11":{"start":{"line":73,"column":28},"end":{"line":111,"column":3}},"12":{"start":{"line":74,"column":4},"end":{"line":74,"column":35}},"13":{"start":{"line":74,"column":28},"end":{"line":74,"column":35}},"14":{"start":{"line":76,"column":4},"end":{"line":76,"column":21}},"15":{"start":{"line":77,"column":4},"end":{"line":77,"column":21}},"16":{"start":{"line":79,"column":4},"end":{"line":110,"column":5}},"17":{"start":{"line":80,"column":23},"end":{"line":80,"column":66}},"18":{"start":{"line":81,"column":19},"end":{"line":81,"column":40}},"19":{"start":{"line":83,"column":6},"end":{"line":85,"column":7}},"20":{"start":{"line":84,"column":8},"end":{"line":84,"column":67}},"21":{"start":{"line":87,"column":6},"end":{"line":100,"column":7}},"22":{"start":{"line":88,"column":8},"end":{"line":88,"column":37}},"23":{"start":{"line":89,"column":8},"end":{"line":89,"column":18}},"24":{"start":{"line":91,"column":8},"end":{"line":98,"column":10}},"25":{"start":{"line":95,"column":48},"end":{"line":95,"column":65}},"26":{"start":{"line":96,"column":51},"end":{"line":96,"column":60}},"27":{"start":{"line":99,"column":8},"end":{"line":99,"column":26}},"28":{"start":{"line":102,"column":6},"end":{"line":102,"column":52}},"29":{"start":{"line":103,"column":6},"end":{"line":107,"column":8}},"30":{"start":{"line":106,"column":38},"end":{"line":106,"column":55}},"31":{"start":{"line":109,"column":6},"end":{"line":109,"column":24}},"32":{"start":{"line":113,"column":29},"end":{"line":117,"column":3}},"33":{"start":{"line":114,"column":4},"end":{"line":116,"column":5}},"34":{"start":{"line":115,"column":6},"end":{"line":115,"column":46}},"35":{"start":{"line":119,"column":28},"end":{"line":157,"column":3}},"36":{"start":{"line":120,"column":4},"end":{"line":156,"column":11}},"37":{"start":{"line":147,"column":23},"end":{"line":147,"column":43}},"38":{"start":{"line":159,"column":27},"end":{"line":230,"column":3}},"39":{"start":{"line":160,"column":4},"end":{"line":167,"column":5}},"40":{"start":{"line":161,"column":6},"end":{"line":166,"column":8}},"41":{"start":{"line":169,"column":4},"end":{"line":187,"column":5}},"42":{"start":{"line":170,"column":6},"end":{"line":186,"column":8}},"43":{"start":{"line":178,"column":27},"end":{"line":178,"column":46}},"44":{"start":{"line":189,"column":4},"end":{"line":229,"column":6}},"45":{"start":{"line":194,"column":64},"end":{"line":194,"column":87}},"46":{"start":{"line":213,"column":29},"end":{"line":213,"column":48}},"47":{"start":{"line":232,"column":2},"end":{"line":243,"column":4}},"48":{"start":{"line":246,"column":15},"end":{"line":366,"column":2}}},"fnMap":{"0":{"name":"BarcodeScannerModal","decl":{"start":{"line":49,"column":24},"end":{"line":49,"column":43}},"loc":{"start":{"line":54,"column":29},"end":{"line":244,"column":1}},"line":54},"1":{"name":"(anonymous_1)","decl":{"start":{"line":62,"column":12},"end":{"line":62,"column":13}},"loc":{"start":{"line":62,"column":18},"end":{"line":66,"column":3}},"line":62},"2":{"name":"(anonymous_2)","decl":{"start":{"line":68,"column":34},"end":{"line":68,"column":35}},"loc":{"start":{"line":68,"column":46},"end":{"line":71,"column":3}},"line":68},"3":{"name":"(anonymous_3)","decl":{"start":{"line":73,"column":28},"end":{"line":73,"column":29}},"loc":{"start":{"line":73,"column":55},"end":{"line":111,"column":3}},"line":73},"4":{"name":"(anonymous_4)","decl":{"start":{"line":95,"column":42},"end":{"line":95,"column":43}},"loc":{"start":{"line":95,"column":48},"end":{"line":95,"column":65}},"line":95},"5":{"name":"(anonymous_5)","decl":{"start":{"line":96,"column":45},"end":{"line":96,"column":46}},"loc":{"start":{"line":96,"column":51},"end":{"line":96,"column":60}},"line":96},"6":{"name":"(anonymous_6)","decl":{"start":{"line":106,"column":32},"end":{"line":106,"column":33}},"loc":{"start":{"line":106,"column":38},"end":{"line":106,"column":55}},"line":106},"7":{"name":"(anonymous_7)","decl":{"start":{"line":113,"column":29},"end":{"line":113,"column":30}},"loc":{"start":{"line":113,"column":35},"end":{"line":117,"column":3}},"line":113},"8":{"name":"(anonymous_8)","decl":{"start":{"line":119,"column":28},"end":{"line":119,"column":29}},"loc":{"start":{"line":120,"column":4},"end":{"line":156,"column":11}},"line":120},"9":{"name":"(anonymous_9)","decl":{"start":{"line":147,"column":17},"end":{"line":147,"column":18}},"loc":{"start":{"line":147,"column":23},"end":{"line":147,"column":43}},"line":147},"10":{"name":"(anonymous_10)","decl":{"start":{"line":159,"column":27},"end":{"line":159,"column":28}},"loc":{"start":{"line":159,"column":33},"end":{"line":230,"column":3}},"line":159},"11":{"name":"(anonymous_11)","decl":{"start":{"line":178,"column":21},"end":{"line":178,"column":22}},"loc":{"start":{"line":178,"column":27},"end":{"line":178,"column":46}},"line":178},"12":{"name":"(anonymous_12)","decl":{"start":{"line":194,"column":50},"end":{"line":194,"column":51}},"loc":{"start":{"line":194,"column":64},"end":{"line":194,"column":87}},"line":194},"13":{"name":"(anonymous_13)","decl":{"start":{"line":213,"column":23},"end":{"line":213,"column":24}},"loc":{"start":{"line":213,"column":29},"end":{"line":213,"column":48}},"line":213}},"branchMap":{"0":{"loc":{"start":{"line":63,"column":4},"end":{"line":65,"column":5}},"type":"if","locations":[{"start":{"line":63,"column":4},"end":{"line":65,"column":5}},{"start":{},"end":{}}],"line":63},"1":{"loc":{"start":{"line":74,"column":4},"end":{"line":74,"column":35}},"type":"if","locations":[{"start":{"line":74,"column":4},"end":{"line":74,"column":35}},{"start":{},"end":{}}],"line":74},"2":{"loc":{"start":{"line":74,"column":8},"end":{"line":74,"column":26}},"type":"binary-expr","locations":[{"start":{"line":74,"column":8},"end":{"line":74,"column":15}},{"start":{"line":74,"column":19},"end":{"line":74,"column":26}}],"line":74},"3":{"loc":{"start":{"line":83,"column":6},"end":{"line":85,"column":7}},"type":"if","locations":[{"start":{"line":83,"column":6},"end":{"line":85,"column":7}},{"start":{},"end":{}}],"line":83},"4":{"loc":{"start":{"line":84,"column":24},"end":{"line":84,"column":65}},"type":"binary-expr","locations":[{"start":{"line":84,"column":24},"end":{"line":84,"column":35}},{"start":{"line":84,"column":39},"end":{"line":84,"column":65}}],"line":84},"5":{"loc":{"start":{"line":87,"column":6},"end":{"line":100,"column":7}},"type":"if","locations":[{"start":{"line":87,"column":6},"end":{"line":100,"column":7}},{"start":{"line":90,"column":13},"end":{"line":100,"column":7}}],"line":87},"6":{"loc":{"start":{"line":87,"column":10},"end":{"line":87,"column":36}},"type":"binary-expr","locations":[{"start":{"line":87,"column":10},"end":{"line":87,"column":20}},{"start":{"line":87,"column":24},"end":{"line":87,"column":36}}],"line":87},"7":{"loc":{"start":{"line":114,"column":4},"end":{"line":116,"column":5}},"type":"if","locations":[{"start":{"line":114,"column":4},"end":{"line":116,"column":5}},{"start":{},"end":{}}],"line":114},"8":{"loc":{"start":{"line":136,"column":18},"end":{"line":136,"column":50}},"type":"binary-expr","locations":[{"start":{"line":136,"column":18},"end":{"line":136,"column":25}},{"start":{"line":136,"column":29},"end":{"line":136,"column":50}}],"line":136},"9":{"loc":{"start":{"line":138,"column":9},"end":{"line":142,"column":9}},"type":"cond-expr","locations":[{"start":{"line":139,"column":10},"end":{"line":139,"column":44}},{"start":{"line":141,"column":10},"end":{"line":141,"column":63}}],"line":138},"10":{"loc":{"start":{"line":160,"column":4},"end":{"line":167,"column":5}},"type":"if","locations":[{"start":{"line":160,"column":4},"end":{"line":167,"column":5}},{"start":{},"end":{}}],"line":160},"11":{"loc":{"start":{"line":169,"column":4},"end":{"line":187,"column":5}},"type":"if","locations":[{"start":{"line":169,"column":4},"end":{"line":187,"column":5}},{"start":{},"end":{}}],"line":169},"12":{"loc":{"start":{"line":194,"column":28},"end":{"line":194,"column":87}},"type":"cond-expr","locations":[{"start":{"line":194,"column":38},"end":{"line":194,"column":47}},{"start":{"line":194,"column":50},"end":{"line":194,"column":87}}],"line":194},"13":{"loc":{"start":{"line":205,"column":15},"end":{"line":205,"column":76}},"type":"cond-expr","locations":[{"start":{"line":205,"column":25},"end":{"line":205,"column":48}},{"start":{"line":205,"column":51},"end":{"line":205,"column":76}}],"line":205},"14":{"loc":{"start":{"line":207,"column":13},"end":{"line":207,"column":71}},"type":"binary-expr","locations":[{"start":{"line":207,"column":13},"end":{"line":207,"column":20}},{"start":{"line":207,"column":24},"end":{"line":207,"column":71}}],"line":207},"15":{"loc":{"start":{"line":240,"column":9},"end":{"line":240,"column":62}},"type":"cond-expr","locations":[{"start":{"line":240,"column":22},"end":{"line":240,"column":41}},{"start":{"line":240,"column":44},"end":{"line":240,"column":62}}],"line":240}},"s":{"0":0,"1":0,"2":0,"3":0,"4":0,"5":0,"6":0,"7":0,"8":0,"9":0,"10":0,"11":0,"12":0,"13":0,"14":0,"15":0,"16":0,"17":0,"18":0,"19":0,"20":0,"21":0,"22":0,"23":0,"24":0,"25":0,"26":0,"27":0,"28":0,"29":0,"30":0,"31":0,"32":0,"33":0,"34":0,"35":0,"36":0,"37":0,"38":0,"39":0,"40":0,"41":0,"42":0,"43":0,"44":0,"45":0,"46":0,"47":0,"48":0},"f":{"0":0,"1":0,"2":0,"3":0,"4":0,"5":0,"6":0,"7":0,"8":0,"9":0,"10":0,"11":0,"12":0,"13":0},"b":{"0":[0,0],"1":[0,0],"2":[0,0],"3":[0,0],"4":[0,0],"5":[0,0],"6":[0,0],"7":[0,0],"8":[0,0],"9":[0,0],"10":[0,0],"11":[0,0],"12":[0,0],"13":[0,0],"14":[0,0],"15":[0,0]}}
,"/home/matthew/Documents/Projects/RecipeBookApp/Frontend/RecipeBookAppFrontend/src/app/components/InventoryManagementExample.tsx": {"path":"/home/matthew/Documents/Projects/RecipeBookApp/Frontend/RecipeBookAppFrontend/src/app/components/InventoryManagementExample.tsx","statementMap":{"0":{"start":{"line":47,"column":73},"end":{"line":47,"column":89}},"1":{"start":{"line":50,"column":40},"end":{"line":50,"column":52}},"2":{"start":{"line":51,"column":44},"end":{"line":51,"column":56}},"3":{"start":{"line":52,"column":40},"end":{"line":52,"column":54}},"4":{"start":{"line":53,"column":50},"end":{"line":53,"column":62}},"5":{"start":{"line":56,"column":56},"end":{"line":56,"column":71}},"6":{"start":{"line":57,"column":42},"end":{"line":57,"column":78}},"7":{"start":{"line":58,"column":44},"end":{"line":58,"column":56}},"8":{"start":{"line":61,"column":58},"end":{"line":61,"column":73}},"9":{"start":{"line":62,"column":44},"end":{"line":62,"column":72}},"10":{"start":{"line":65,"column":16},"end":{"line":65,"column":89}},"11":{"start":{"line":68,"column":2},"end":{"line":71,"column":9}},"12":{"start":{"line":69,"column":4},"end":{"line":69,"column":20}},"13":{"start":{"line":70,"column":4},"end":{"line":70,"column":20}},"14":{"start":{"line":76,"column":24},"end":{"line":83,"column":3}},"15":{"start":{"line":77,"column":4},"end":{"line":82,"column":5}},"16":{"start":{"line":78,"column":19},"end":{"line":78,"column":39}},"17":{"start":{"line":79,"column":6},"end":{"line":79,"column":25}},"18":{"start":{"line":81,"column":6},"end":{"line":81,"column":55}},"19":{"start":{"line":88,"column":24},"end":{"line":104,"column":3}},"20":{"start":{"line":89,"column":4},"end":{"line":103,"column":5}},"21":{"start":{"line":90,"column":23},"end":{"line":90,"column":47}},"22":{"start":{"line":91,"column":6},"end":{"line":91,"column":47}},"23":{"start":{"line":92,"column":6},"end":{"line":92,"column":71}},"24":{"start":{"line":92,"column":59},"end":{"line":92,"column":68}},"25":{"start":{"line":95,"column":6},"end":{"line":100,"column":7}},"26":{"start":{"line":96,"column":8},"end":{"line":99,"column":10}},"27":{"start":{"line":102,"column":6},"end":{"line":102,"column":56}},"28":{"start":{"line":109,"column":24},"end":{"line":145,"column":3}},"29":{"start":{"line":110,"column":4},"end":{"line":113,"column":5}},"30":{"start":{"line":111,"column":6},"end":{"line":111,"column":53}},"31":{"start":{"line":112,"column":6},"end":{"line":112,"column":13}},"32":{"start":{"line":115,"column":19},"end":{"line":115,"column":44}},"33":{"start":{"line":116,"column":4},"end":{"line":119,"column":5}},"34":{"start":{"line":117,"column":6},"end":{"line":117,"column":73}},"35":{"start":{"line":118,"column":6},"end":{"line":118,"column":13}},"36":{"start":{"line":121,"column":22},"end":{"line":121,"column":81}},"37":{"start":{"line":123,"column":4},"end":{"line":144,"column":5}},"38":{"start":{"line":124,"column":37},"end":{"line":130,"column":7}},"39":{"start":{"line":132,"column":6},"end":{"line":132,"column":38}},"40":{"start":{"line":135,"column":6},"end":{"line":135,"column":25}},"41":{"start":{"line":136,"column":6},"end":{"line":136,"column":27}},"42":{"start":{"line":137,"column":6},"end":{"line":137,"column":30}},"43":{"start":{"line":140,"column":6},"end":{"line":140,"column":28}},"44":{"start":{"line":141,"column":6},"end":{"line":141,"column":80}},"45":{"start":{"line":143,"column":6},"end":{"line":143,"column":49}},"46":{"start":{"line":150,"column":27},"end":{"line":154,"column":3}},"47":{"start":{"line":151,"column":4},"end":{"line":151,"column":26}},"48":{"start":{"line":152,"column":4},"end":{"line":152,"column":25}},"49":{"start":{"line":153,"column":4},"end":{"line":153,"column":33}},"50":{"start":{"line":159,"column":24},"end":{"line":194,"column":3}},"51":{"start":{"line":160,"column":4},"end":{"line":160,"column":30}},"52":{"start":{"line":160,"column":23},"end":{"line":160,"column":30}},"53":{"start":{"line":162,"column":19},"end":{"line":162,"column":44}},"54":{"start":{"line":163,"column":4},"end":{"line":166,"column":5}},"55":{"start":{"line":164,"column":6},"end":{"line":164,"column":67}},"56":{"start":{"line":165,"column":6},"end":{"line":165,"column":13}},"57":{"start":{"line":168,"column":4},"end":{"line":193,"column":5}},"58":{"start":{"line":169,"column":21},"end":{"line":173,"column":7}},"59":{"start":{"line":175,"column":6},"end":{"line":175,"column":36}},"60":{"start":{"line":178,"column":20},"end":{"line":178,"column":34}},"61":{"start":{"line":179,"column":6},"end":{"line":184,"column":7}},"62":{"start":{"line":180,"column":8},"end":{"line":180,"column":69}},"63":{"start":{"line":181,"column":13},"end":{"line":184,"column":7}},"64":{"start":{"line":182,"column":8},"end":{"line":182,"column":95}},"65":{"start":{"line":183,"column":8},"end":{"line":183,"column":82}},"66":{"start":{"line":186,"column":6},"end":{"line":186,"column":39}},"67":{"start":{"line":189,"column":6},"end":{"line":189,"column":28}},"68":{"start":{"line":190,"column":6},"end":{"line":190,"column":28}},"69":{"start":{"line":192,"column":6},"end":{"line":192,"column":91}},"70":{"start":{"line":199,"column":29},"end":{"line":238,"column":3}},"71":{"start":{"line":200,"column":4},"end":{"line":237,"column":6}},"72":{"start":{"line":208,"column":12},"end":{"line":208,"column":38}},"73":{"start":{"line":208,"column":31},"end":{"line":208,"column":38}},"74":{"start":{"line":210,"column":30},"end":{"line":210,"column":54}},"75":{"start":{"line":211,"column":12},"end":{"line":214,"column":13}},"76":{"start":{"line":212,"column":14},"end":{"line":212,"column":79}},"77":{"start":{"line":213,"column":14},"end":{"line":213,"column":21}},"78":{"start":{"line":216,"column":12},"end":{"line":231,"column":13}},"79":{"start":{"line":217,"column":29},"end":{"line":217,"column":78}},"80":{"start":{"line":219,"column":28},"end":{"line":219,"column":42}},"81":{"start":{"line":220,"column":14},"end":{"line":224,"column":15}},"82":{"start":{"line":221,"column":16},"end":{"line":221,"column":64}},"83":{"start":{"line":222,"column":21},"end":{"line":224,"column":15}},"84":{"start":{"line":223,"column":16},"end":{"line":223,"column":54}},"85":{"start":{"line":226,"column":14},"end":{"line":226,"column":46}},"86":{"start":{"line":227,"column":14},"end":{"line":227,"column":36}},"87":{"start":{"line":228,"column":14},"end":{"line":228,"column":36}},"88":{"start":{"line":230,"column":14},"end":{"line":230,"column":62}},"89":{"start":{"line":243,"column":30},"end":{"line":280,"column":3}},"90":{"start":{"line":244,"column":23},"end":{"line":244,"column":86}},"91":{"start":{"line":246,"column":4},"end":{"line":279,"column":6}},"92":{"start":{"line":266,"column":27},"end":{"line":266,"column":49}},"93":{"start":{"line":273,"column":27},"end":{"line":273,"column":51}},"94":{"start":{"line":282,"column":2},"end":{"line":453,"column":4}},"95":{"start":{"line":291,"column":25},"end":{"line":291,"column":54}},"96":{"start":{"line":322,"column":16},"end":{"line":338,"column":35}},"97":{"start":{"line":328,"column":33},"end":{"line":328,"column":53}},"98":{"start":{"line":362,"column":32},"end":{"line":362,"column":68}},"99":{"start":{"line":376,"column":30},"end":{"line":376,"column":59}},"100":{"start":{"line":398,"column":31},"end":{"line":398,"column":60}},"101":{"start":{"line":421,"column":30},"end":{"line":421,"column":60}},"102":{"start":{"line":429,"column":16},"end":{"line":437,"column":23}},"103":{"start":{"line":443,"column":29},"end":{"line":443,"column":59}},"104":{"start":{"line":457,"column":15},"end":{"line":701,"column":2}}},"fnMap":{"0":{"name":"InventoryManagementExample","decl":{"start":{"line":45,"column":24},"end":{"line":45,"column":50}},"loc":{"start":{"line":45,"column":53},"end":{"line":454,"column":1}},"line":45},"1":{"name":"(anonymous_1)","decl":{"start":{"line":68,"column":12},"end":{"line":68,"column":13}},"loc":{"start":{"line":68,"column":18},"end":{"line":71,"column":3}},"line":68},"2":{"name":"(anonymous_2)","decl":{"start":{"line":76,"column":24},"end":{"line":76,"column":25}},"loc":{"start":{"line":76,"column":36},"end":{"line":83,"column":3}},"line":76},"3":{"name":"(anonymous_3)","decl":{"start":{"line":88,"column":24},"end":{"line":88,"column":25}},"loc":{"start":{"line":88,"column":36},"end":{"line":104,"column":3}},"line":88},"4":{"name":"(anonymous_4)","decl":{"start":{"line":92,"column":51},"end":{"line":92,"column":52}},"loc":{"start":{"line":92,"column":59},"end":{"line":92,"column":68}},"line":92},"5":{"name":"(anonymous_5)","decl":{"start":{"line":109,"column":24},"end":{"line":109,"column":25}},"loc":{"start":{"line":109,"column":36},"end":{"line":145,"column":3}},"line":109},"6":{"name":"(anonymous_6)","decl":{"start":{"line":150,"column":27},"end":{"line":150,"column":28}},"loc":{"start":{"line":150,"column":52},"end":{"line":154,"column":3}},"line":150},"7":{"name":"(anonymous_7)","decl":{"start":{"line":159,"column":24},"end":{"line":159,"column":25}},"loc":{"start":{"line":159,"column":36},"end":{"line":194,"column":3}},"line":159},"8":{"name":"(anonymous_8)","decl":{"start":{"line":199,"column":29},"end":{"line":199,"column":30}},"loc":{"start":{"line":199,"column":54},"end":{"line":238,"column":3}},"line":199},"9":{"name":"(anonymous_9)","decl":{"start":{"line":207,"column":19},"end":{"line":207,"column":20}},"loc":{"start":{"line":207,"column":43},"end":{"line":232,"column":11}},"line":207},"10":{"name":"(anonymous_10)","decl":{"start":{"line":243,"column":30},"end":{"line":243,"column":31}},"loc":{"start":{"line":243,"column":69},"end":{"line":280,"column":3}},"line":243},"11":{"name":"(anonymous_11)","decl":{"start":{"line":266,"column":21},"end":{"line":266,"column":22}},"loc":{"start":{"line":266,"column":27},"end":{"line":266,"column":49}},"line":266},"12":{"name":"(anonymous_12)","decl":{"start":{"line":273,"column":21},"end":{"line":273,"column":22}},"loc":{"start":{"line":273,"column":27},"end":{"line":273,"column":51}},"line":273},"13":{"name":"(anonymous_13)","decl":{"start":{"line":291,"column":19},"end":{"line":291,"column":20}},"loc":{"start":{"line":291,"column":25},"end":{"line":291,"column":54}},"line":291},"14":{"name":"(anonymous_14)","decl":{"start":{"line":321,"column":25},"end":{"line":321,"column":26}},"loc":{"start":{"line":322,"column":16},"end":{"line":338,"column":35}},"line":322},"15":{"name":"(anonymous_15)","decl":{"start":{"line":328,"column":27},"end":{"line":328,"column":28}},"loc":{"start":{"line":328,"column":33},"end":{"line":328,"column":53}},"line":328},"16":{"name":"(anonymous_16)","decl":{"start":{"line":362,"column":22},"end":{"line":362,"column":23}},"loc":{"start":{"line":362,"column":32},"end":{"line":362,"column":68}},"line":362},"17":{"name":"(anonymous_17)","decl":{"start":{"line":376,"column":24},"end":{"line":376,"column":25}},"loc":{"start":{"line":376,"column":30},"end":{"line":376,"column":59}},"line":376},"18":{"name":"(anonymous_18)","decl":{"start":{"line":398,"column":25},"end":{"line":398,"column":26}},"loc":{"start":{"line":398,"column":31},"end":{"line":398,"column":60}},"line":398},"19":{"name":"(anonymous_19)","decl":{"start":{"line":421,"column":24},"end":{"line":421,"column":25}},"loc":{"start":{"line":421,"column":30},"end":{"line":421,"column":60}},"line":421},"20":{"name":"(anonymous_20)","decl":{"start":{"line":428,"column":33},"end":{"line":428,"column":34}},"loc":{"start":{"line":429,"column":16},"end":{"line":437,"column":23}},"line":429},"21":{"name":"(anonymous_21)","decl":{"start":{"line":443,"column":23},"end":{"line":443,"column":24}},"loc":{"start":{"line":443,"column":29},"end":{"line":443,"column":59}},"line":443}},"branchMap":{"0":{"loc":{"start":{"line":95,"column":6},"end":{"line":100,"column":7}},"type":"if","locations":[{"start":{"line":95,"column":6},"end":{"line":100,"column":7}},{"start":{},"end":{}}],"line":95},"1":{"loc":{"start":{"line":110,"column":4},"end":{"line":113,"column":5}},"type":"if","locations":[{"start":{"line":110,"column":4},"end":{"line":113,"column":5}},{"start":{},"end":{}}],"line":110},"2":{"loc":{"start":{"line":116,"column":4},"end":{"line":119,"column":5}},"type":"if","locations":[{"start":{"line":116,"column":4},"end":{"line":119,"column":5}},{"start":{},"end":{}}],"line":116},"3":{"loc":{"start":{"line":116,"column":8},"end":{"line":116,"column":36}},"type":"binary-expr","locations":[{"start":{"line":116,"column":8},"end":{"line":116,"column":21}},{"start":{"line":116,"column":25},"end":{"line":116,"column":36}}],"line":116},"4":{"loc":{"start":{"line":121,"column":22},"end":{"line":121,"column":81}},"type":"cond-expr","locations":[{"start":{"line":121,"column":41},"end":{"line":121,"column":69}},{"start":{"line":121,"column":72},"end":{"line":121,"column":81}}],"line":121},"5":{"loc":{"start":{"line":160,"column":4},"end":{"line":160,"column":30}},"type":"if","locations":[{"start":{"line":160,"column":4},"end":{"line":160,"column":30}},{"start":{},"end":{}}],"line":160},"6":{"loc":{"start":{"line":163,"column":4},"end":{"line":166,"column":5}},"type":"if","locations":[{"start":{"line":163,"column":4},"end":{"line":166,"column":5}},{"start":{},"end":{}}],"line":163},"7":{"loc":{"start":{"line":163,"column":8},"end":{"line":163,"column":36}},"type":"binary-expr","locations":[{"start":{"line":163,"column":8},"end":{"line":163,"column":21}},{"start":{"line":163,"column":25},"end":{"line":163,"column":36}}],"line":163},"8":{"loc":{"start":{"line":179,"column":6},"end":{"line":184,"column":7}},"type":"if","locations":[{"start":{"line":179,"column":6},"end":{"line":184,"column":7}},{"start":{"line":181,"column":13},"end":{"line":184,"column":7}}],"line":179},"9":{"loc":{"start":{"line":181,"column":13},"end":{"line":184,"column":7}},"type":"if","locations":[{"start":{"line":181,"column":13},"end":{"line":184,"column":7}},{"start":{},"end":{}}],"line":181},"10":{"loc":{"start":{"line":192,"column":27},"end":{"line":192,"column":89}},"type":"binary-expr","locations":[{"start":{"line":192,"column":27},"end":{"line":192,"column":55}},{"start":{"line":192,"column":59},"end":{"line":192,"column":89}}],"line":192},"11":{"loc":{"start":{"line":208,"column":12},"end":{"line":208,"column":38}},"type":"if","locations":[{"start":{"line":208,"column":12},"end":{"line":208,"column":38}},{"start":{},"end":{}}],"line":208},"12":{"loc":{"start":{"line":211,"column":12},"end":{"line":214,"column":13}},"type":"if","locations":[{"start":{"line":211,"column":12},"end":{"line":214,"column":13}},{"start":{},"end":{}}],"line":211},"13":{"loc":{"start":{"line":211,"column":16},"end":{"line":211,"column":49}},"type":"binary-expr","locations":[{"start":{"line":211,"column":16},"end":{"line":211,"column":32}},{"start":{"line":211,"column":36},"end":{"line":211,"column":49}}],"line":211},"14":{"loc":{"start":{"line":220,"column":14},"end":{"line":224,"column":15}},"type":"if","locations":[{"start":{"line":220,"column":14},"end":{"line":224,"column":15}},{"start":{"line":222,"column":21},"end":{"line":224,"column":15}}],"line":220},"15":{"loc":{"start":{"line":222,"column":21},"end":{"line":224,"column":15}},"type":"if","locations":[{"start":{"line":222,"column":21},"end":{"line":224,"column":15}},{"start":{},"end":{}}],"line":222},"16":{"loc":{"start":{"line":244,"column":23},"end":{"line":244,"column":86}},"type":"binary-expr","locations":[{"start":{"line":244,"column":23},"end":{"line":244,"column":45}},{"start":{"line":244,"column":49},"end":{"line":244,"column":86}}],"line":244},"17":{"loc":{"start":{"line":247,"column":37},"end":{"line":247,"column":81}},"type":"cond-expr","locations":[{"start":{"line":247,"column":50},"end":{"line":247,"column":69}},{"start":{"line":247,"column":72},"end":{"line":247,"column":81}}],"line":247},"18":{"loc":{"start":{"line":250,"column":11},"end":{"line":250,"column":79}},"type":"binary-expr","locations":[{"start":{"line":250,"column":11},"end":{"line":250,"column":21}},{"start":{"line":250,"column":25},"end":{"line":250,"column":79}}],"line":250},"19":{"loc":{"start":{"line":257,"column":9},"end":{"line":261,"column":9}},"type":"binary-expr","locations":[{"start":{"line":257,"column":9},"end":{"line":257,"column":31}},{"start":{"line":258,"column":10},"end":{"line":260,"column":17}}],"line":257},"20":{"loc":{"start":{"line":288,"column":7},"end":{"line":297,"column":7}},"type":"binary-expr","locations":[{"start":{"line":288,"column":7},"end":{"line":288,"column":32}},{"start":{"line":289,"column":8},"end":{"line":296,"column":27}}],"line":288},"21":{"loc":{"start":{"line":326,"column":20},"end":{"line":326,"column":69}},"type":"binary-expr","locations":[{"start":{"line":326,"column":20},"end":{"line":326,"column":40}},{"start":{"line":326,"column":44},"end":{"line":326,"column":69}}],"line":326},"22":{"loc":{"start":{"line":333,"column":22},"end":{"line":333,"column":75}},"type":"binary-expr","locations":[{"start":{"line":333,"column":22},"end":{"line":333,"column":42}},{"start":{"line":333,"column":46},"end":{"line":333,"column":75}}],"line":333},"23":{"loc":{"start":{"line":362,"column":32},"end":{"line":362,"column":68}},"type":"binary-expr","locations":[{"start":{"line":362,"column":32},"end":{"line":362,"column":40}},{"start":{"line":362,"column":44},"end":{"line":362,"column":68}}],"line":362}},"s":{"0":0,"1":0,"2":0,"3":0,"4":0,"5":0,"6":0,"7":0,"8":0,"9":0,"10":0,"11":0,"12":0,"13":0,"14":0,"15":0,"16":0,"17":0,"18":0,"19":0,"20":0,"21":0,"22":0,"23":0,"24":0,"25":0,"26":0,"27":0,"28":0,"29":0,"30":0,"31":0,"32":0,"33":0,"34":0,"35":0,"36":0,"37":0,"38":0,"39":0,"40":0,"41":0,"42":0,"43":0,"44":0,"45":0,"46":0,"47":0,"48":0,"49":0,"50":0,"51":0,"52":0,"53":0,"54":0,"55":0,"56":0,"57":0,"58":0,"59":0,"60":0,"61":0,"62":0,"63":0,"64":0,"65":0,"66":0,"67":0,"68":0,"69":0,"70":0,"71":0,"72":0,"73":0,"74":0,"75":0,"76":0,"77":0,"78":0,"79":0,"80":0,"81":0,"82":0,"83":0,"84":0,"85":0,"86":0,"87":0,"88":0,"89":0,"90":0,"91":0,"92":0,"93":0,"94":0,"95":0,"96":0,"97":0,"98":0,"99":0,"100":0,"101":0,"102":0,"103":0,"104":0},"f":{"0":0,"1":0,"2":0,"3":0,"4":0,"5":0,"6":0,"7":0,"8":0,"9":0,"10":0,"11":0,"12":0,"13":0,"14":0,"15":0,"16":0,"17":0,"18":0,"19":0,"20":0,"21":0},"b":{"0":[0,0],"1":[0,0],"2":[0,0],"3":[0,0],"4":[0,0],"5":[0,0],"6":[0,0],"7":[0,0],"8":[0,0],"9":[0,0],"10":[0,0],"11":[0,0],"12":[0,0],"13":[0,0],"14":[0,0],"15":[0,0],"16":[0,0],"17":[0,0],"18":[0,0],"19":[0,0],"20":[0,0],"21":[0,0],"22":[0,0],"23":[0,0]}}
,"/home/matthew/Documents/Projects/RecipeBookApp/Frontend/RecipeBookAppFrontend/src/app/screens/AccountSetupScreen.tsx": {"path":"/home/matthew/Documents/Projects/RecipeBookApp/Frontend/RecipeBookAppFrontend/src/app/screens/AccountSetupScreen.tsx","statementMap":{"0":{"start":{"line":27,"column":37},"end":{"line":445,"column":1}},"1":{"start":{"line":29,"column":34},"end":{"line":29,"column":46}},"2":{"start":{"line":30,"column":40},"end":{"line":30,"column":52}},"3":{"start":{"line":31,"column":28},"end":{"line":31,"column":40}},"4":{"start":{"line":32,"column":24},"end":{"line":32,"column":36}},"5":{"start":{"line":33,"column":30},"end":{"line":33,"column":65}},"6":{"start":{"line":34,"column":30},"end":{"line":34,"column":42}},"7":{"start":{"line":35,"column":30},"end":{"line":35,"column":42}},"8":{"start":{"line":36,"column":44},"end":{"line":38,"column":24}},"9":{"start":{"line":41,"column":32},"end":{"line":41,"column":47}},"10":{"start":{"line":42,"column":36},"end":{"line":42,"column":51}},"11":{"start":{"line":43,"column":48},"end":{"line":43,"column":82}},"12":{"start":{"line":44,"column":52},"end":{"line":49,"column":17}},"13":{"start":{"line":52,"column":42},"end":{"line":52,"column":81}},"14":{"start":{"line":57,"column":2},"end":{"line":61,"column":21}},"15":{"start":{"line":58,"column":4},"end":{"line":60,"column":5}},"16":{"start":{"line":59,"column":6},"end":{"line":59,"column":36}},"17":{"start":{"line":66,"column":26},"end":{"line":108,"column":3}},"18":{"start":{"line":67,"column":4},"end":{"line":107,"column":5}},"19":{"start":{"line":68,"column":6},"end":{"line":68,"column":23}},"20":{"start":{"line":69,"column":22},"end":{"line":69,"column":44}},"21":{"start":{"line":70,"column":6},"end":{"line":70,"column":34}},"22":{"start":{"line":73,"column":6},"end":{"line":73,"column":36}},"23":{"start":{"line":74,"column":6},"end":{"line":74,"column":42}},"24":{"start":{"line":75,"column":6},"end":{"line":75,"column":36}},"25":{"start":{"line":76,"column":6},"end":{"line":76,"column":37}},"26":{"start":{"line":77,"column":6},"end":{"line":77,"column":32}},"27":{"start":{"line":78,"column":6},"end":{"line":78,"column":43}},"28":{"start":{"line":79,"column":6},"end":{"line":79,"column":43}},"29":{"start":{"line":80,"column":6},"end":{"line":80,"column":46}},"30":{"start":{"line":83,"column":6},"end":{"line":90,"column":7}},"31":{"start":{"line":84,"column":8},"end":{"line":89,"column":11}},"32":{"start":{"line":92,"column":6},"end":{"line":92,"column":25}},"33":{"start":{"line":95,"column":6},"end":{"line":104,"column":7}},"34":{"start":{"line":96,"column":8},"end":{"line":96,"column":28}},"35":{"start":{"line":97,"column":8},"end":{"line":97,"column":33}},"36":{"start":{"line":99,"column":8},"end":{"line":99,"column":26}},"37":{"start":{"line":100,"column":8},"end":{"line":100,"column":69}},"38":{"start":{"line":102,"column":8},"end":{"line":102,"column":55}},"39":{"start":{"line":103,"column":8},"end":{"line":103,"column":60}},"40":{"start":{"line":106,"column":6},"end":{"line":106,"column":24}},"41":{"start":{"line":113,"column":28},"end":{"line":182,"column":3}},"42":{"start":{"line":115,"column":4},"end":{"line":118,"column":5}},"43":{"start":{"line":116,"column":6},"end":{"line":116,"column":65}},"44":{"start":{"line":117,"column":6},"end":{"line":117,"column":13}},"45":{"start":{"line":119,"column":4},"end":{"line":122,"column":5}},"46":{"start":{"line":120,"column":6},"end":{"line":120,"column":69}},"47":{"start":{"line":121,"column":6},"end":{"line":121,"column":13}},"48":{"start":{"line":123,"column":4},"end":{"line":126,"column":5}},"49":{"start":{"line":124,"column":6},"end":{"line":124,"column":74}},"50":{"start":{"line":125,"column":6},"end":{"line":125,"column":13}},"51":{"start":{"line":127,"column":4},"end":{"line":130,"column":5}},"52":{"start":{"line":128,"column":6},"end":{"line":128,"column":83}},"53":{"start":{"line":129,"column":6},"end":{"line":129,"column":13}},"54":{"start":{"line":131,"column":4},"end":{"line":134,"column":5}},"55":{"start":{"line":132,"column":6},"end":{"line":132,"column":83}},"56":{"start":{"line":133,"column":6},"end":{"line":133,"column":13}},"57":{"start":{"line":136,"column":4},"end":{"line":181,"column":5}},"58":{"start":{"line":137,"column":6},"end":{"line":137,"column":23}},"59":{"start":{"line":139,"column":39},"end":{"line":148,"column":7}},"60":{"start":{"line":150,"column":6},"end":{"line":171,"column":7}},"61":{"start":{"line":152,"column":23},"end":{"line":152,"column":79}},"62":{"start":{"line":153,"column":8},"end":{"line":158,"column":11}},"63":{"start":{"line":159,"column":8},"end":{"line":159,"column":63}},"64":{"start":{"line":162,"column":23},"end":{"line":162,"column":55}},"65":{"start":{"line":163,"column":8},"end":{"line":168,"column":11}},"66":{"start":{"line":169,"column":8},"end":{"line":169,"column":27}},"67":{"start":{"line":170,"column":8},"end":{"line":170,"column":63}},"68":{"start":{"line":174,"column":6},"end":{"line":174,"column":52}},"69":{"start":{"line":176,"column":6},"end":{"line":176,"column":52}},"70":{"start":{"line":177,"column":27},"end":{"line":177,"column":83}},"71":{"start":{"line":178,"column":6},"end":{"line":178,"column":41}},"72":{"start":{"line":180,"column":6},"end":{"line":180,"column":24}},"73":{"start":{"line":187,"column":30},"end":{"line":209,"column":3}},"74":{"start":{"line":188,"column":4},"end":{"line":188,"column":34}},"75":{"start":{"line":188,"column":22},"end":{"line":188,"column":34}},"76":{"start":{"line":190,"column":4},"end":{"line":208,"column":6}},"77":{"start":{"line":196,"column":27},"end":{"line":196,"column":50}},"78":{"start":{"line":202,"column":27},"end":{"line":202,"column":51}},"79":{"start":{"line":214,"column":31},"end":{"line":236,"column":3}},"80":{"start":{"line":215,"column":4},"end":{"line":235,"column":11}},"81":{"start":{"line":220,"column":25},"end":{"line":220,"column":42}},"82":{"start":{"line":228,"column":25},"end":{"line":228,"column":44}},"83":{"start":{"line":241,"column":38},"end":{"line":282,"column":3}},"84":{"start":{"line":242,"column":27},"end":{"line":248,"column":5}},"85":{"start":{"line":250,"column":4},"end":{"line":281,"column":6}},"86":{"start":{"line":254,"column":10},"end":{"line":278,"column":29}},"87":{"start":{"line":260,"column":27},"end":{"line":260,"column":63}},"88":{"start":{"line":287,"column":34},"end":{"line":319,"column":3}},"89":{"start":{"line":288,"column":4},"end":{"line":288,"column":40}},"90":{"start":{"line":288,"column":28},"end":{"line":288,"column":40}},"91":{"start":{"line":290,"column":4},"end":{"line":318,"column":6}},"92":{"start":{"line":321,"column":2},"end":{"line":327,"column":3}},"93":{"start":{"line":322,"column":4},"end":{"line":326,"column":6}},"94":{"start":{"line":329,"column":2},"end":{"line":444,"column":4}},"95":{"start":{"line":335,"column":12},"end":{"line":335,"column":34}},"96":{"start":{"line":336,"column":12},"end":{"line":336,"column":28}},"97":{"start":{"line":337,"column":12},"end":{"line":337,"column":31}},"98":{"start":{"line":338,"column":12},"end":{"line":338,"column":25}},"99":{"start":{"line":339,"column":12},"end":{"line":339,"column":23}},"100":{"start":{"line":340,"column":12},"end":{"line":340,"column":26}},"101":{"start":{"line":341,"column":12},"end":{"line":341,"column":26}},"102":{"start":{"line":342,"column":12},"end":{"line":342,"column":39}},"103":{"start":{"line":343,"column":12},"end":{"line":343,"column":32}},"104":{"start":{"line":447,"column":15},"end":{"line":633,"column":2}}},"fnMap":{"0":{"name":"(anonymous_0)","decl":{"start":{"line":27,"column":37},"end":{"line":27,"column":38}},"loc":{"start":{"line":27,"column":43},"end":{"line":445,"column":1}},"line":27},"1":{"name":"(anonymous_1)","decl":{"start":{"line":57,"column":12},"end":{"line":57,"column":13}},"loc":{"start":{"line":57,"column":18},"end":{"line":61,"column":3}},"line":57},"2":{"name":"(anonymous_2)","decl":{"start":{"line":66,"column":26},"end":{"line":66,"column":27}},"loc":{"start":{"line":66,"column":50},"end":{"line":108,"column":3}},"line":66},"3":{"name":"(anonymous_3)","decl":{"start":{"line":113,"column":28},"end":{"line":113,"column":29}},"loc":{"start":{"line":113,"column":40},"end":{"line":182,"column":3}},"line":113},"4":{"name":"(anonymous_4)","decl":{"start":{"line":187,"column":30},"end":{"line":187,"column":31}},"loc":{"start":{"line":187,"column":36},"end":{"line":209,"column":3}},"line":187},"5":{"name":"(anonymous_5)","decl":{"start":{"line":196,"column":21},"end":{"line":196,"column":22}},"loc":{"start":{"line":196,"column":27},"end":{"line":196,"column":50}},"line":196},"6":{"name":"(anonymous_6)","decl":{"start":{"line":202,"column":21},"end":{"line":202,"column":22}},"loc":{"start":{"line":202,"column":27},"end":{"line":202,"column":51}},"line":202},"7":{"name":"(anonymous_7)","decl":{"start":{"line":214,"column":31},"end":{"line":214,"column":32}},"loc":{"start":{"line":215,"column":4},"end":{"line":235,"column":11}},"line":215},"8":{"name":"(anonymous_8)","decl":{"start":{"line":220,"column":19},"end":{"line":220,"column":20}},"loc":{"start":{"line":220,"column":25},"end":{"line":220,"column":42}},"line":220},"9":{"name":"(anonymous_9)","decl":{"start":{"line":228,"column":19},"end":{"line":228,"column":20}},"loc":{"start":{"line":228,"column":25},"end":{"line":228,"column":44}},"line":228},"10":{"name":"(anonymous_10)","decl":{"start":{"line":241,"column":38},"end":{"line":241,"column":39}},"loc":{"start":{"line":241,"column":44},"end":{"line":282,"column":3}},"line":241},"11":{"name":"(anonymous_11)","decl":{"start":{"line":253,"column":28},"end":{"line":253,"column":29}},"loc":{"start":{"line":254,"column":10},"end":{"line":278,"column":29}},"line":254},"12":{"name":"(anonymous_12)","decl":{"start":{"line":260,"column":21},"end":{"line":260,"column":22}},"loc":{"start":{"line":260,"column":27},"end":{"line":260,"column":63}},"line":260},"13":{"name":"(anonymous_13)","decl":{"start":{"line":287,"column":34},"end":{"line":287,"column":35}},"loc":{"start":{"line":287,"column":40},"end":{"line":319,"column":3}},"line":287},"14":{"name":"(anonymous_14)","decl":{"start":{"line":334,"column":19},"end":{"line":334,"column":20}},"loc":{"start":{"line":334,"column":25},"end":{"line":344,"column":11}},"line":334}},"branchMap":{"0":{"loc":{"start":{"line":58,"column":4},"end":{"line":60,"column":5}},"type":"if","locations":[{"start":{"line":58,"column":4},"end":{"line":60,"column":5}},{"start":{},"end":{}}],"line":58},"1":{"loc":{"start":{"line":75,"column":15},"end":{"line":75,"column":34}},"type":"bi
[...]
31}},"loc":{"start":{"line":1015,"column":80},"end":{"line":1023,"column":1}},"line":1015}},"branchMap":{"0":{"loc":{"start":{"line":18,"column":21},"end":{"line":18,"column":79}},"type":"binary-expr","locations":[{"start":{"line":18,"column":21},"end":{"line":18,"column":52}},{"start":{"line":18,"column":56},"end":{"line":18,"column":79}}],"line":18},"1":{"loc":{"start":{"line":640,"column":2},"end":{"line":640,"column":34}},"type":"default-arg","locations":[{"start":{"line":640,"column":31},"end":{"line":640,"column":34}}],"line":640},"2":{"loc":{"start":{"line":754,"column":4},"end":{"line":754,"column":33}},"type":"if","locations":[{"start":{"line":754,"column":4},"end":{"line":754,"column":33}},{"start":{},"end":{}}],"line":754},"3":{"loc":{"start":{"line":755,"column":4},"end":{"line":755,"column":48}},"type":"if","locations":[{"start":{"line":755,"column":4},"end":{"line":755,"column":48}},{"start":{},"end":{}}],"line":755},"4":{"loc":{"start":{"line":756,"column":4},"end":{"line":756,"column":42}},"type":"if","locations":[{"start":{"line":756,"column":4},"end":{"line":756,"column":42}},{"start":{},"end":{}}],"line":756},"5":{"loc":{"start":{"line":859,"column":19},"end":{"line":859,"column":45}},"type":"cond-expr","locations":[{"start":{"line":859,"column":29},"end":{"line":859,"column":40}},{"start":{"line":859,"column":43},"end":{"line":859,"column":45}}],"line":859},"6":{"loc":{"start":{"line":984,"column":4},"end":{"line":984,"column":48}},"type":"if","locations":[{"start":{"line":984,"column":4},"end":{"line":984,"column":48}},{"start":{},"end":{}}],"line":984},"7":{"loc":{"start":{"line":985,"column":4},"end":{"line":985,"column":42}},"type":"if","locations":[{"start":{"line":985,"column":4},"end":{"line":985,"column":42}},{"start":{},"end":{}}],"line":985}},"s":{"0":1,"1":1,"2":1,"3":3,"4":3,"5":1,"6":2,"7":2,"8":1,"9":5,"10":5,"11":3,"12":2,"13":2,"14":1,"15":2,"16":2,"17":1,"18":1,"19":1,"20":1,"21":2,"22":2,"23":2,"24":0,"25":0,"26":1,"27":1,"28":1,"29":1,"30":0,"31":0,"32":1,"33":1,"34":1,"35":1,"36":0,"37":0,"38":1,"39":2,"40":2,"41":2,"42":0,"43":0,"44":1,"45":1,"46":1,"47":1,"48":0,"49":0,"50":1,"51":1,"52":1,"53":1,"54":0,"55":0,"56":1,"57":0,"58":0,"59":0,"60":0,"61":0,"62":1,"63":3,"64":3,"65":3,"66":0,"67":0,"68":1,"69":3,"70":3,"71":2,"72":1,"73":1,"74":1,"75":1,"76":1,"77":1,"78":0,"79":0,"80":1,"81":2,"82":2,"83":1,"84":1,"85":1,"86":1,"87":1,"88":1,"89":1,"90":0,"91":0,"92":1,"93":1,"94":1,"95":1,"96":0,"97":0,"98":1,"99":4,"100":4,"101":4,"102":0,"103":0,"104":1,"105":3,"106":3,"107":3,"108":0,"109":0,"110":1,"111":1,"112":1,"113":1,"114":0,"115":0,"116":1,"117":3,"118":3,"119":3,"120":0,"121":0,"122":1,"123":3,"124":3,"125":3,"126":0,"127":0,"128":1,"129":3,"130":3,"131":3,"132":1,"133":3,"134":1,"135":3,"136":1,"137":3,"138":3,"139":0,"140":0,"141":1,"142":2,"143":2,"144":2,"145":0,"146":0,"147":1,"148":0,"149":0,"150":0,"151":0,"152":0,"153":1,"154":0,"155":0,"156":0,"157":0,"158":0,"159":1,"160":3,"161":3,"162":3,"163":0,"164":0,"165":1,"166":1,"167":1,"168":1,"169":0,"170":0,"171":1,"172":3,"173":3,"174":3,"175":3,"176":0,"177":0,"178":1,"179":5,"180":5,"181":5,"182":0,"183":0,"184":1,"185":3,"186":3,"187":1,"188":2,"189":2,"190":1,"191":3,"192":3,"193":3,"194":0,"195":0,"196":1,"197":2,"198":2,"199":2,"200":0,"201":0,"202":1,"203":3,"204":3,"205":3,"206":0,"207":0,"208":1,"209":2,"210":2,"211":2,"212":1,"213":2,"214":1,"215":2,"216":2,"217":0,"218":0,"219":1,"220":2,"221":2,"222":2,"223":0,"224":0,"225":1,"226":3,"227":3,"228":3,"229":0,"230":0},"f":{"0":3,"1":5,"2":2,"3":2,"4":1,"5":1,"6":2,"7":1,"8":1,"9":0,"10":3,"11":3,"12":1,"13":2,"14":1,"15":1,"16":4,"17":3,"18":1,"19":3,"20":3,"21":3,"22":2,"23":0,"24":0,"25":3,"26":1,"27":3,"28":5,"29":3,"30":3,"31":2,"32":3,"33":2,"34":2,"35":3},"b":{"0":[1,0],"1":[0],"2":[1,2],"3":[1,2],"4":[1,2],"5":[2,1],"6":[1,1],"7":[1,1]},"_coverageSchema":"1a1c01bbd47fc00a2c39e90264f33305004495a9","hash":"485dc54cf960f479a9b5b201527c7f06f3d69e72"}
,"/home/matthew/Documents/Projects/RecipeBookApp/Frontend/RecipeBookAppFrontend/src/app/services/priceEstimation.ts": {"path":"/home/matthew/Documents/Projects/RecipeBookApp/Frontend/RecipeBookAppFrontend/src/app/services/priceEstimation.ts","statementMap":{"0":{"start":{"line":41,"column":76},"end":{"line":131,"column":1}},"1":{"start":{"line":138,"column":50},"end":{"line":152,"column":1}},"2":{"start":{"line":173,"column":25},"end":{"line":173,"column":54}},"3":{"start":{"line":176,"column":2},"end":{"line":183,"column":3}},"4":{"start":{"line":177,"column":4},"end":{"line":182,"column":6}},"5":{"start":{"line":187,"column":2},"end":{"line":196,"column":3}},"6":{"start":{"line":188,"column":4},"end":{"line":195,"column":5}},"7":{"start":{"line":189,"column":6},"end":{"line":194,"column":8}},"8":{"start":{"line":200,"column":51},"end":{"line":221,"column":3}},"9":{"start":{"line":224,"column":2},"end":{"line":233,"column":3}},"10":{"start":{"line":225,"column":4},"end":{"line":232,"column":5}},"11":{"start":{"line":226,"column":6},"end":{"line":231,"column":8}},"12":{"start":{"line":237,"column":2},"end":{"line":242,"column":4}},"13":{"start":{"line":264,"column":20},"end":{"line":267,"column":5}},"14":{"start":{"line":264,"column":41},"end":{"line":267,"column":3}},"15":{"start":{"line":270,"column":16},"end":{"line":270,"column":77}},"16":{"start":{"line":270,"column":48},"end":{"line":270,"column":73}},"17":{"start":{"line":272,"column":2},"end":{"line":272,"column":30}},"18":{"start":{"line":283,"column":2},"end":{"line":283,"column":32}},"19":{"start":{"line":299,"column":2},"end":{"line":306,"column":3}},"20":{"start":{"line":301,"column":6},"end":{"line":301,"column":17}},"21":{"start":{"line":303,"column":6},"end":{"line":303,"column":17}},"22":{"start":{"line":305,"column":6},"end":{"line":305,"column":17}}},"fnMap":{"0":{"name":"estimatePrice","decl":{"start":{"line":172,"column":16},"end":{"line":172,"column":29}},"loc":{"start":{"line":172,"column":63},"end":{"line":243,"column":1}},"line":172},"1":{"name":"estimateTotalCost","decl":{"start":{"line":259,"column":16},"end":{"line":259,"column":33}},"loc":{"start":{"line":262,"column":2},"end":{"line":273,"column":1}},"line":262},"2":{"name":"(anonymous_2)","decl":{"start":{"line":264,"column":30},"end":{"line":264,"column":31}},"loc":{"start":{"line":264,"column":41},"end":{"line":267,"column":3}},"line":264},"3":{"name":"(anonymous_3)","decl":{"start":{"line":270,"column":33},"end":{"line":270,"column":34}},"loc":{"start":{"line":270,"column":48},"end":{"line":270,"column":73}},"line":270},"4":{"name":"formatPrice","decl":{"start":{"line":282,"column":16},"end":{"line":282,"column":27}},"loc":{"start":{"line":282,"column":51},"end":{"line":284,"column":1}},"line":282},"5":{"name":"getConfidenceIcon","decl":{"start":{"line":298,"column":16},"end":{"line":298,"column":33}},"loc":{"start":{"line":298,"column":81},"end":{"line":307,"column":1}},"line":298}},"branchMap":{"0":{"loc":{"start":{"line":176,"column":2},"end":{"line":183,"column":3}},"type":"if","locations":[{"start":{"line":176,"column":2},"end":{"line":183,"column":3}},{"start":{},"end":{}}],"line":176},"1":{"loc":{"start":{"line":188,"column":4},"end":{"line":195,"column":5}},"type":"if","locations":[{"start":{"line":188,"column":4},"end":{"line":195,"column":5}},{"start":{},"end":{}}],"line":188},"2":{"loc":{"start":{"line":188,"column":8},"end":{"line":188,"column":68}},"type":"binary-expr","locations":[{"start":{"line":188,"column":8},"end":{"line":188,"column":36}},{"start":{"line":188,"column":40},"end":{"line":188,"column":68}}],"line":188},"3":{"loc":{"start":{"line":225,"column":4},"end":{"line":232,"column":5}},"type":"if","locations":[{"start":{"line":225,"column":4},"end":{"line":232,"column":5}},{"start":{},"end":{}}],"line":225},"4":{"loc":{"start":{"line":299,"column":2},"end":{"line":306,"column":3}},"type":"switch","locations":[{"start":{"line":300,"column":4},"end":{"line":301,"column":17}},{"start":{"line":302,"column":4},"end":{"line":303,"column":17}},{"start":{"line":304,"column":4},"end":{"line":305,"column":17}}],"line":299}},"s":{"0":0,"1":0,"2":0,"3":0,"4":0,"5":0,"6":0,"7":0,"8":0,"9":0,"10":0,"11":0,"12":0,"13":0,"14":0,"15":0,"16":0,"17":0,"18":0,"19":0,"20":0,"21":0,"22":0},"f":{"0":0,"1":0,"2":0,"3":0,"4":0,"5":0},"b":{"0":[0,0],"1":[0,0],"2":[0,0],"3":[0,0],"4":[0,0,0]}}
,"/home/matthew/Documents/Projects/RecipeBookApp/Frontend/RecipeBookAppFrontend/src/app/utils/recipeMatching.ts": {"path":"/home/matthew/Documents/Projects/RecipeBookApp/Frontend/RecipeBookAppFrontend/src/app/utils/recipeMatching.ts","statementMap":{"0":{"start":{"line":15,"column":28},"end":{"line":21,"column":1}},"1":{"start":{"line":16,"column":2},"end":{"line":20,"column":19}},"2":{"start":{"line":26,"column":26},"end":{"line":37,"column":1}},"3":{"start":{"line":27,"column":22},"end":{"line":27,"column":57}},"4":{"start":{"line":28,"column":22},"end":{"line":28,"column":59}},"5":{"start":{"line":31,"column":2},"end":{"line":31,"column":47}},"6":{"start":{"line":31,"column":35},"end":{"line":31,"column":47}},"7":{"start":{"line":34,"column":2},"end":{"line":34,"column":90}},"8":{"start":{"line":34,"column":78},"end":{"line":34,"column":90}},"9":{"start":{"line":36,"column":2},"end":{"line":36,"column":15}},"10":{"start":{"line":42,"column":42},"end":{"line":71,"column":1}},"11":{"start":{"line":46,"column":39},"end":{"line":46,"column":41}},"12":{"start":{"line":47,"column":39},"end":{"line":47,"column":41}},"13":{"start":{"line":49,"column":2},"end":{"line":59,"column":5}},"14":{"start":{"line":50,"column":22},"end":{"line":52,"column":5}},"15":{"start":{"line":51,"column":6},"end":{"line":51,"column":50}},"16":{"start":{"line":54,"column":4},"end":{"line":58,"column":5}},"17":{"start":{"line":55,"column":6},"end":{"line":55,"column":48}},"18":{"start":{"line":57,"column":6},"end":{"line":57,"column":48}},"19":{"start":{"line":61,"column":26},"end":{"line":63,"column":3}},"20":{"start":{"line":65,"column":2},"end":{"line":70,"column":4}},"21":{"start":{"line":76,"column":42},"end":{"line":85,"column":1}},"22":{"start":{"line":81,"column":2},"end":{"line":84,"column":59}},"23":{"start":{"line":82,"column":21},"end":{"line":82,"column":72}},"24":{"start":{"line":83,"column":25},"end":{"line":83,"column":70}},"25":{"start":{"line":84,"column":20},"end":{"line":84,"column":57}},"26":{"start":{"line":90,"column":34},"end":{"line":99,"column":1}},"27":{"start":{"line":95,"column":2},"end":{"line":98,"column":59}},"28":{"start":{"line":96,"column":21},"end":{"line":96,"column":72}},"29":{"start":{"line":97,"column":25},"end":{"line":97,"column":70}},"30":{"start":{"line":98,"column":20},"end":{"line":98,"column":57}}},"fnMap":{"0":{"name":"(anonymous_0)","decl":{"start":{"line":15,"column":28},"end":{"line":15,"column":29}},"loc":{"start":{"line":15,"column":60},"end":{"line":21,"column":1}},"line":15},"1":{"name":"(anonymous_1)","decl":{"start":{"line":26,"column":26},"end":{"line":26,"column":27}},"loc":{"start":{"line":26,"column":89},"end":{"line":37,"column":1}},"line":26},"2":{"name":"(anonymous_2)","decl":{"start":{"line":42,"column":42},"end":{"line":42,"column":43}},"loc":{"start":{"line":45,"column":20},"end":{"line":71,"column":1}},"line":45},"3":{"name":"(anonymous_3)","decl":{"start":{"line":49,"column":29},"end":{"line":49,"column":30}},"loc":{"start":{"line":49,"column":59},"end":{"line":59,"column":3}},"line":49},"4":{"name":"(anonymous_4)","decl":{"start":{"line":50,"column":43},"end":{"line":50,"column":44}},"loc":{"start":{"line":51,"column":6},"end":{"line":51,"column":50}},"line":51},"5":{"name":"(anonymous_5)","decl":{"start":{"line":76,"column":42},"end":{"line":76,"column":43}},"loc":{"start":{"line":80,"column":22},"end":{"line":85,"column":1}},"line":80},"6":{"name":"(anonymous_6)","decl":{"start":{"line":82,"column":9},"end":{"line":82,"column":10}},"loc":{"start":{"line":82,"column":21},"end":{"line":82,"column":72}},"line":82},"7":{"name":"(anonymous_7)","decl":{"start":{"line":83,"column":12},"end":{"line":83,"column":13}},"loc":{"start":{"line":83,"column":25},"end":{"line":83,"column":70}},"line":83},"8":{"name":"(anonymous_8)","decl":{"start":{"line":84,"column":10},"end":{"line":84,"column":11}},"loc":{"start":{"line":84,"column":20},"end":{"line":84,"column":57}},"line":84},"9":{"name":"(anonymous_9)","decl":{"start":{"line":90,"column":34},"end":{"line":90,"column":35}},"loc":{"start":{"line":94,"column":22},"end":{"line":99,"column":1}},"line":94},"10":{"name":"(anonymous_10)","decl":{"start":{"line":96,"column":9},"end":{"line":96,"column":10}},"loc":{"start":{"line":96,"column":21},"end":{"line":96,"column":72}},"line":96},"11":{"name":"(anonymous_11)","decl":{"start":{"line":97,"column":12},"end":{"line":97,"column":13}},"loc":{"start":{"line":97,"column":25},"end":{"line":97,"column":70}},"line":97},"12":{"name":"(anonymous_12)","decl":{"start":{"line":98,"column":10},"end":{"line":98,"column":11}},"loc":{"start":{"line":98,"column":20},"end":{"line":98,"column":57}},"line":98}},"branchMap":{"0":{"loc":{"start":{"line":31,"column":2},"end":{"line":31,"column":47}},"type":"if","locations":[{"start":{"line":31,"column":2},"end":{"line":31,"column":47}},{"start":{},"end":{}}],"line":31},"1":{"loc":{"start":{"line":34,"column":2},"end":{"line":34,"column":90}},"type":"if","locations":[{"start":{"line":34,"column":2},"end":{"line":34,"column":90}},{"start":{},"end":{}}],"line":34},"2":{"loc":{"start":{"line":34,"column":6},"end":{"line":34,"column":76}},"type":"binary-expr","locations":[{"start":{"line":34,"column":6},"end":{"line":34,"column":39}},{"start":{"line":34,"column":43},"end":{"line":34,"column":76}}],"line":34},"3":{"loc":{"start":{"line":54,"column":4},"end":{"line":58,"column":5}},"type":"if","locations":[{"start":{"line":54,"column":4},"end":{"line":58,"column":5}},{"start":{"line":56,"column":11},"end":{"line":58,"column":5}}],"line":54},"4":{"loc":{"start":{"line":79,"column":2},"end":{"line":79,"column":34}},"type":"default-arg","locations":[{"start":{"line":79,"column":31},"end":{"line":79,"column":34}}],"line":79},"5":{"loc":{"start":{"line":93,"column":2},"end":{"line":93,"column":33}},"type":"default-arg","locations":[{"start":{"line":93,"column":31},"end":{"line":93,"column":33}}],"line":93}},"s":{"0":0,"1":0,"2":0,"3":0,"4":0,"5":0,"6":0,"7":0,"8":0,"9":0,"10":0,"11":0,"12":0,"13":0,"14":0,"15":0,"16":0,"17":0,"18":0,"19":0,"20":0,"21":0,"22":0,"23":0,"24":0,"25":0,"26":0,"27":0,"28":0,"29":0,"30":0},"f":{"0":0,"1":0,"2":0,"3":0,"4":0,"5":0,"6":0,"7":0,"8":0,"9":0,"10":0,"11":0,"12":0},"b":{"0":[0,0],"1":[0,0],"2":[0,0],"3":[0,0],"4":[0],"5":[0]}}
,"/home/matthew/Documents/Projects/RecipeBookApp/Frontend/RecipeBookAppFrontend/src/app/utils/store.ts": {"path":"/home/matthew/Documents/Projects/RecipeBookApp/Frontend/RecipeBookAppFrontend/src/app/utils/store.ts","statementMap":{"0":{"start":{"line":80,"column":30},"end":{"line":177,"column":3}},"1":{"start":{"line":80,"column":60},"end":{"line":177,"column":1}},"2":{"start":{"line":96,"column":27},"end":{"line":96,"column":43}},"3":{"start":{"line":103,"column":4},"end":{"line":105,"column":7}},"4":{"start":{"line":103,"column":20},"end":{"line":105,"column":5}},"5":{"start":{"line":112,"column":4},"end":{"line":114,"column":7}},"6":{"start":{"line":112,"column":20},"end":{"line":114,"column":5}},"7":{"start":{"line":113,"column":43},"end":{"line":113,"column":55}},"8":{"start":{"line":121,"column":39},"end":{"line":121,"column":76}},"9":{"start":{"line":128,"column":4},"end":{"line":130,"column":7}},"10":{"start":{"line":128,"column":20},"end":{"line":130,"column":5}},"11":{"start":{"line":136,"column":4},"end":{"line":140,"column":7}},"12":{"start":{"line":136,"column":20},"end":{"line":140,"column":5}},"13":{"start":{"line":138,"column":17},"end":{"line":138,"column":63}},"14":{"start":{"line":148,"column":28},"end":{"line":148,"column":54}},"15":{"start":{"line":156,"column":25},"end":{"line":156,"column":48}},"16":{"start":{"line":164,"column":30},"end":{"line":164,"column":58}},"17":{"start":{"line":170,"column":27},"end":{"line":170,"column":52}},"18":{"start":{"line":176,"column":32},"end":{"line":176,"column":62}}},"fnMap":{"0":{"name":"(anonymous_0)","decl":{"start":{"line":80,"column":50},"end":{"line":80,"column":51}},"loc":{"start":{"line":80,"column":60},"end":{"line":177,"column":1}},"line":80},"1":{"name":"(anonymous_1)","decl":{"start":{"line":96,"column":14},"end":{"line":96,"column":15}},"loc":{"start":{"line":96,"column":27},"end":{"line":96,"column":43}},"line":96},"2":{"name":"(anonymous_2)","decl":{"start":{"line":102,"column":13},"end":{"line":102,"column":14}},"loc":{"start":{"line":103,"column":4},"end":{"line":105,"column":7}},"line":103},"3":{"name":"(anonymous_3)","decl":{"start":{"line":103,"column":8},"end":{"line":103,"column":9}},"loc":{"start":{"line":103,"column":20},"end":{"line":105,"column":5}},"line":103},"4":{"name":"(anonymous_4)","decl":{"start":{"line":111,"column":16},"end":{"line":111,"column":17}},"loc":{"start":{"line":112,"column":4},"end":{"line":114,"column":7}},"line":112},"5":{"name":"(anonymous_5)","decl":{"start":{"line":112,"column":8},"end":{"line":112,"column":9}},"loc":{"start":{"line":112,"column":20},"end":{"line":114,"column":5}},"line":112},"6":{"name":"(anonymous_6)","decl":{"start":{"line":113,"column":36},"end":{"line":113,"column":37}},"loc":{"start":{"line":113,"column":43},"end":{"line":113,"column":55}},"line":113},"7":{"name":"(anonymous_7)","decl":{"start":{"line":121,"column":22},"end":{"line":121,"column":23}},"loc":{"start":{"line":121,"column":39},"end":{"line":121,"column":76}},"line":121},"8":{"name":"(anonymous_8)","decl":{"start":{"line":127,"column":17},"end":{"line":127,"column":18}},"loc":{"start":{"line":128,"column":4},"end":{"line":130,"column":7}},"line":128},"9":{"name":"(anonymous_9)","decl":{"start":{"line":128,"column":8},"end":{"line":128,"column":9}},"loc":{"start":{"line":128,"column":20},"end":{"line":130,"column":5}},"line":128},"10":{"name":"(anonymous_10)","decl":{"start":{"line":135,"column":20},"end":{"line":135,"column":21}},"loc":{"start":{"line":136,"column":4},"end":{"line":140,"column":7}},"line":136},"11":{"name":"(anonymous_11)","decl":{"start":{"line":136,"column":8},"end":{"line":136,"column":9}},"loc":{"start":{"line":136,"column":20},"end":{"line":140,"column":5}},"line":136},"12":{"name":"(anonymous_12)","decl":{"start":{"line":138,"column":8},"end":{"line":138,"column":9}},"loc":{"start":{"line":138,"column":17},"end":{"line":138,"column":63}},"line":138},"13":{"name":"(anonymous_13)","decl":{"start":{"line":148,"column":18},"end":{"line":148,"column":19}},"loc":{"start":{"line":148,"column":28},"end":{"line":148,"column":54}},"line":148},"14":{"name":"(anonymous_14)","decl":{"start":{"line":156,"column":13},"end":{"line":156,"column":14}},"loc":{"start":{"line":156,"column":25},"end":{"line":156,"column":48}},"line":156},"15":{"name":"(anonymous_15)","decl":{"start":{"line":164,"column":19},"end":{"line":164,"column":20}},"loc":{"start":{"line":164,"column":30},"end":{"line":164,"column":58}},"line":164},"16":{"name":"(anonymous_16)","decl":{"start":{"line":170,"column":16},"end":{"line":170,"column":17}},"loc":{"start":{"line":170,"column":27},"end":{"line":170,"column":52}},"line":170},"17":{"name":"(anonymous_17)","decl":{"start":{"line":176,"column":21},"end":{"line":176,"column":22}},"loc":{"start":{"line":176,"column":32},"end":{"line":176,"column":62}},"line":176}},"branchMap":{},"s":{"0":1,"1":1,"2":48,"3":3,"4":3,"5":3,"6":3,"7":3,"8":41,"9":7,"10":7,"11":2,"12":2,"13":4,"14":48,"15":42,"16":43,"17":43,"18":42},"f":{"0":1,"1":48,"2":3,"3":3,"4":3,"5":3,"6":3,"7":41,"8":7,"9":7,"10":2,"11":2,"12":4,"13":48,"14":42,"15":43,"16":43,"17":42},"b":{},"_coverageSchema":"1a1c01bbd47fc00a2c39e90264f33305004495a9","hash":"67d1dc6d78b399e92e3339c87cfd13e46ef93af0"}
}
