TN:
SF:app/index.tsx
FN:10,App
FN:16,(anonymous_1)
FN:20,(anonymous_2)
FN:77,(anonymous_3)
FN:85,(anonymous_4)
FN:93,(anonymous_5)
FN:101,(anonymous_6)
FNF:7
FNH:0
FNDA:0,App
FNDA:0,(anonymous_1)
FNDA:0,(anonymous_2)
FNDA:0,(anonymous_3)
FNDA:0,(anonymous_4)
FNDA:0,(anonymous_5)
FNDA:0,(anonymous_6)
DA:11,0
DA:12,0
DA:13,0
DA:14,0
DA:16,0
DA:17,0
DA:20,0
DA:21,0
DA:22,0
DA:23,0
DA:24,0
DA:26,0
DA:27,0
DA:29,0
DA:30,0
DA:33,0
DA:34,0
DA:38,0
DA:40,0
DA:44,0
DA:45,0
DA:52,0
DA:77,0
DA:85,0
DA:93,0
DA:101,0
DA:112,0
LF:27
LH:0
BRDA:23,0,0,0
BRDA:23,0,1,0
BRDA:44,1,0,0
BRDA:44,1,1,0
BRDA:60,2,0,0
BRDA:60,2,1,0
BRDA:63,3,0,0
BRDA:63,3,1,0
BRDA:68,4,0,0
BRDA:68,4,1,0
BRDA:69,5,0,0
BRDA:69,5,1,0
BRDA:70,6,0,0
BRDA:70,6,1,0
BRDA:71,7,0,0
BRDA:71,7,1,0
BRDA:76,8,0,0
BRDA:76,8,1,0
BRDA:79,9,0,0
BRDA:79,9,1,0
BRDA:84,10,0,0
BRDA:84,10,1,0
BRDA:87,11,0,0
BRDA:87,11,1,0
BRDA:92,12,0,0
BRDA:92,12,1,0
BRDA:95,13,0,0
BRDA:95,13,1,0
BRDA:100,14,0,0
BRDA:100,14,1,0
BRDA:103,15,0,0
BRDA:103,15,1,0
BRF:32
BRH:0
end_of_record
TN:
SF:app/components/AddRecipeModal.tsx
FN:50,AddRecipeModal
FN:69,(anonymous_1)
FN:80,(anonymous_2)
FN:99,(anonymous_3)
FN:130,(anonymous_4)
FN:135,(anonymous_5)
FN:141,(anonymous_6)
FN:144,(anonymous_7)
FN:151,(anonymous_8)
FN:152,(anonymous_9)
FN:187,(anonymous_10)
FN:202,(anonymous_11)
FN:203,(anonymous_12)
FN:208,(anonymous_13)
FN:230,(anonymous_14)
FN:237,(anonymous_15)
FN:240,(anonymous_16)
FN:274,(anonymous_17)
FN:289,(anonymous_18)
FN:290,(anonymous_19)
FN:294,(anonymous_20)
FN:295,(anonymous_21)
FN:331,(anonymous_22)
FN:339,(anonymous_23)
FN:419,(anonymous_24)
FN:427,(anonymous_25)
FN:431,(anonymous_26)
FNF:27
FNH:0
FNDA:0,AddRecipeModal
FNDA:0,(anonymous_1)
FNDA:0,(anonymous_2)
FNDA:0,(anonymous_3)
FNDA:0,(anonymous_4)
FNDA:0,(anonymous_5)
FNDA:0,(anonymous_6)
FNDA:0,(anonymous_7)
FNDA:0,(anonymous_8)
FNDA:0,(anonymous_9)
FNDA:0,(anonymous_10)
FNDA:0,(anonymous_11)
FNDA:0,(anonymous_12)
FNDA:0,(anonymous_13)
FNDA:0,(anonymous_14)
FNDA:0,(anonymous_15)
FNDA:0,(anonymous_16)
FNDA:0,(anonymous_17)
FNDA:0,(anonymous_18)
FNDA:0,(anonymous_19)
FNDA:0,(anonymous_20)
FNDA:0,(anonymous_21)
FNDA:0,(anonymous_22)
FNDA:0,(anonymous_23)
FNDA:0,(anonymous_24)
FNDA:0,(anonymous_25)
FNDA:0,(anonymous_26)
DA:52,0
DA:55,0
DA:56,0
DA:57,0
DA:58,0
DA:59,0
DA:60,0
DA:63,0
DA:64,0
DA:65,0
DA:66,0
DA:69,0
DA:70,0
DA:71,0
DA:80,0
DA:81,0
DA:82,0
DA:83,0
DA:84,0
DA:85,0
DA:86,0
DA:87,0
DA:88,0
DA:99,0
DA:100,0
DA:102,0
DA:103,0
DA:104,0
DA:105,0
DA:106,0
DA:107,0
DA:108,0
DA:111,0
DA:112,0
DA:116,0
DA:130,0
DA:135,0
DA:136,0
DA:139,0
DA:141,0
DA:142,0
DA:144,0
DA:147,0
DA:148,0
DA:151,0
DA:152,0
DA:155,0
DA:158,0
DA:159,0
DA:160,0
DA:165,0
DA:169,0
DA:187,0
DA:189,0
DA:190,0
DA:191,0
DA:194,0
DA:195,0
DA:197,0
DA:200,0
DA:202,0
DA:203,0
DA:205,0
DA:208,0
DA:209,0
DA:212,0
DA:218,0
DA:219,0
DA:220,0
DA:230,0
DA:232,0
DA:236,0
DA:237,0
DA:238,0
DA:239,0
DA:240,0
DA:243,0
DA:248,0
DA:255,0
DA:256,0
DA:258,0
DA:274,0
DA:276,0
DA:277,0
DA:278,0
DA:281,0
DA:282,0
DA:284,0
DA:289,0
DA:290,0
DA:294,0
DA:295,0
DA:303,0
DA:304,0
DA:308,0
DA:309,0
DA:312,0
DA:315,0
DA:317,0
DA:318,0
DA:320,0
DA:331,0
DA:332,0
DA:341,0
DA:342,0
DA:345,0
DA:346,0
DA:349,0
DA:350,0
DA:354,0
DA:355,0
DA:359,0
DA:360,0
DA:369,0
DA:419,0
DA:428,0
DA:431,0
DA:515,0
LF:118
LH:0
BRDA:70,0,0,0
BRDA:70,0,1,0
BRDA:104,1,0,0
BRDA:104,1,1,0
BRDA:104,2,0,0
BRDA:104,2,1,0
BRDA:105,3,0,0
BRDA:105,3,1,0
BRDA:106,4,0,0
BRDA:106,4,1,0
BRDA:108,5,0,0
BRDA:108,5,1,0
BRDA:111,6,0,0
BRDA:111,6,1,0
BRDA:111,7,0,0
BRDA:111,7,1,0
BRDA:139,8,0,0
BRDA:139,8,1,0
BRDA:142,9,0,0
BRDA:142,9,1,0
BRDA:142,10,0,0
BRDA:142,10,1,0
BRDA:155,11,0,0
BRDA:155,11,1,0
BRDA:158,12,0,0
BRDA:158,12,1,0
BRDA:165,13,0,0
BRDA:165,13,1,0
BRDA:189,14,0,0
BRDA:189,14,1,0
BRDA:209,15,0,0
BRDA:209,15,1,0
BRDA:218,16,0,0
BRDA:218,16,1,0
BRDA:236,17,0,0
BRDA:236,17,1,0
BRDA:238,18,0,0
BRDA:238,18,1,0
BRDA:240,19,0,0
BRDA:240,19,1,0
BRDA:251,20,0,0
BRDA:251,20,1,0
BRDA:276,21,0,0
BRDA:276,21,1,0
BRDA:276,22,0,0
BRDA:276,22,1,0
BRDA:276,22,2,0
BRDA:296,23,0,0
BRDA:296,23,1,0
BRDA:297,24,0,0
BRDA:297,24,1,0
BRDA:298,25,0,0
BRDA:298,25,1,0
BRDA:303,26,0,0
BRDA:303,26,1,0
BRDA:334,27,0,0
BRDA:334,27,1,0
BRDA:341,28,0,0
BRDA:341,28,1,0
BRDA:341,29,0,0
BRDA:341,29,1,0
BRDA:341,29,2,0
BRDA:342,30,0,0
BRDA:342,30,1,0
BRDA:342,30,2,0
BRDA:345,31,0,0
BRDA:345,31,1,0
BRDA:346,32,0,0
BRDA:346,32,1,0
BRDA:349,33,0,0
BRDA:349,33,1,0
BRDA:350,34,0,0
BRDA:350,34,1,0
BRDA:354,35,0,0
BRDA:354,35,1,0
BRDA:355,36,0,0
BRDA:355,36,1,0
BRDA:359,37,0,0
BRDA:359,37,1,0
BRDA:405,38,0,0
BRDA:405,38,1,0
BRDA:407,39,0,0
BRDA:407,39,1,0
BRDA:414,40,0,0
BRDA:414,40,1,0
BRDA:424,41,0,0
BRDA:424,41,1,0
BRDA:435,42,0,0
BRDA:435,42,1,0
BRDA:444,43,0,0
BRDA:444,43,1,0
BRDA:499,44,0,0
BRDA:499,44,1,0
BRDA:503,45,0,0
BRDA:503,45,1,0
BRF:95
BRH:0
end_of_record
TN:
SF:app/components/BARCODE_IMPLEMENTATION_GUIDE.tsx
FN:34,ExampleShoppingListWithBarcode
FN:42,(anonymous_1)
FN:58,(anonymous_2)
FN:95,(anonymous_3)
FN:115,(anonymous_4)
FN:123,(anonymous_5)
FN:165,ShoppingListItemWithNutrition
FN:199,InventoryItemWithNutrition
FNF:8
FNH:0
FNDA:0,ExampleShoppingListWithBarcode
FNDA:0,(anonymous_1)
FNDA:0,(anonymous_2)
FNDA:0,(anonymous_3)
FNDA:0,(anonymous_4)
FNDA:0,(anonymous_5)
FNDA:0,ShoppingListItemWithNutrition
FNDA:0,InventoryItemWithNutrition
DA:35,0
DA:36,0
DA:42,0
DA:43,0
DA:46,0
DA:59,0
DA:61,0
DA:76,0
DA:78,0
DA:83,0
DA:84,0
DA:95,0
DA:96,0
DA:97,0
DA:99,0
DA:100,0
DA:102,0
DA:105,0
DA:106,0
DA:110,0
DA:115,0
DA:123,0
DA:166,0
DA:200,0
DA:275,0
LF:25
LH:0
BRDA:66,0,0,0
BRDA:66,0,1,0
BRDA:99,1,0,0
BRDA:99,1,1,0
BRDA:99,2,0,0
BRDA:99,2,1,0
BRDA:125,3,0,0
BRDA:125,3,1,0
BRDA:129,4,0,0
BRDA:129,4,1,0
BRDA:169,5,0,0
BRDA:169,5,1,0
BRDA:172,6,0,0
BRDA:172,6,1,0
BRDA:181,7,0,0
BRDA:181,7,1,0
BRDA:206,8,0,0
BRDA:206,8,1,0
BRF:18
BRH:0
end_of_record
TN:
SF:app/components/BarcodeScannerModal.tsx
FN:49,BarcodeScannerModal
FN:62,(anonymous_1)
FN:68,(anonymous_2)
FN:73,(anonymous_3)
FN:95,(anonymous_4)
FN:96,(anonymous_5)
FN:106,(anonymous_6)
FN:113,(anonymous_7)
FN:119,(anonymous_8)
FN:147,(anonymous_9)
FN:159,(anonymous_10)
FN:178,(anonymous_11)
FN:194,(anonymous_12)
FN:213,(anonymous_13)
FNF:14
FNH:0
FNDA:0,BarcodeScannerModal
FNDA:0,(anonymous_1)
FNDA:0,(anonymous_2)
FNDA:0,(anonymous_3)
FNDA:0,(anonymous_4)
FNDA:0,(anonymous_5)
FNDA:0,(anonymous_6)
FNDA:0,(anonymous_7)
FNDA:0,(anonymous_8)
FNDA:0,(anonymous_9)
FNDA:0,(anonymous_10)
FNDA:0,(anonymous_11)
FNDA:0,(anonymous_12)
FNDA:0,(anonymous_13)
DA:55,0
DA:56,0
DA:57,0
DA:58,0
DA:59,0
DA:62,0
DA:63,0
DA:64,0
DA:68,0
DA:69,0
DA:70,0
DA:73,0
DA:74,0
DA:76,0
DA:77,0
DA:79,0
DA:80,0
DA:81,0
DA:83,0
DA:84,0
DA:87,0
DA:88,0
DA:89,0
DA:91,0
DA:95,0
DA:96,0
DA:99,0
DA:102,0
DA:103,0
DA:106,0
DA:109,0
DA:113,0
DA:114,0
DA:115,0
DA:119,0
DA:120,0
DA:147,0
DA:159,0
DA:160,0
DA:161,0
DA:169,0
DA:170,0
DA:178,0
DA:189,0
DA:194,0
DA:213,0
DA:232,0
DA:246,0
LF:48
LH:0
BRDA:63,0,0,0
BRDA:63,0,1,0
BRDA:74,1,0,0
BRDA:74,1,1,0
BRDA:74,2,0,0
BRDA:74,2,1,0
BRDA:83,3,0,0
BRDA:83,3,1,0
BRDA:84,4,0,0
BRDA:84,4,1,0
BRDA:87,5,0,0
BRDA:87,5,1,0
BRDA:87,6,0,0
BRDA:87,6,1,0
BRDA:114,7,0,0
BRDA:114,7,1,0
BRDA:136,8,0,0
BRDA:136,8,1,0
BRDA:138,9,0,0
BRDA:138,9,1,0
BRDA:160,10,0,0
BRDA:160,10,1,0
BRDA:169,11,0,0
BRDA:169,11,1,0
BRDA:194,12,0,0
BRDA:194,12,1,0
BRDA:205,13,0,0
BRDA:205,13,1,0
BRDA:207,14,0,0
BRDA:207,14,1,0
BRDA:240,15,0,0
BRDA:240,15,1,0
BRF:32
BRH:0
end_of_record
TN:
SF:app/components/InventoryManagementExample.tsx
FN:45,InventoryManagementExample
FN:68,(anonymous_1)
FN:76,(anonymous_2)
FN:88,(anonymous_3)
FN:92,(anonymous_4)
FN:109,(anonymous_5)
FN:150,(anonymous_6)
FN:159,(anonymous_7)
FN:199,(anonymous_8)
FN:207,(anonymous_9)
FN:243,(anonymous_10)
FN:266,(anonymous_11)
FN:273,(anonymous_12)
FN:291,(anonymous_13)
FN:321,(anonymous_14)
FN:328,(anonymous_15)
FN:362,(anonymous_16)
FN:376,(anonymous_17)
FN:398,(anonymous_18)
FN:421,(anonymous_19)
FN:428,(anonymous_20)
FN:443,(anonymous_21)
FNF:22
FNH:0
FNDA:0,InventoryManagementExample
FNDA:0,(anonymous_1)
FNDA:0,(anonymous_2)
FNDA:0,(anonymous_3)
FNDA:0,(anonymous_4)
FNDA:0,(anonymous_5)
FNDA:0,(anonymous_6)
FNDA:0,(anonymous_7)
FNDA:0,(anonymous_8)
FNDA:0,(anonymous_9)
FNDA:0,(anonymous_10)
FNDA:0,(anonymous_11)
FNDA:0,(anonymous_12)
FNDA:0,(anonymous_13)
FNDA:0,(anonymous_14)
FNDA:0,(anonymous_15)
FNDA:0,(anonymous_16)
FNDA:0,(anonymous_17)
FNDA:0,(anonymous_18)
FNDA:0,(anonymous_19)
FNDA:0,(anonymous_20)
FNDA:0,(anonymous_21)
DA:47,0
DA:50,0
DA:51,0
DA:52,0
DA:53,0
DA:56,0
DA:57,0
DA:58,0
DA:61,0
DA:62,0
DA:65,0
DA:68,0
DA:69,0
DA:70,0
DA:76,0
DA:77,0
DA:78,0
DA:79,0
DA:81,0
DA:88,0
DA:89,0
DA:90,0
DA:91,0
DA:92,0
DA:95,0
DA:96,0
DA:102,0
DA:109,0
DA:110,0
DA:111,0
DA:112,0
DA:115,0
DA:116,0
DA:117,0
DA:118,0
DA:121,0
DA:123,0
DA:124,0
DA:132,0
DA:135,0
DA:136,0
DA:137,0
DA:140,0
DA:141,0
DA:143,0
DA:150,0
DA:151,0
DA:152,0
DA:153,0
DA:159,0
DA:160,0
DA:162,0
DA:163,0
DA:164,0
DA:165,0
DA:168,0
DA:169,0
DA:175,0
DA:178,0
DA:179,0
DA:180,0
DA:181,0
DA:182,0
DA:183,0
DA:186,0
DA:189,0
DA:190,0
DA:192,0
DA:199,0
DA:200,0
DA:208,0
DA:210,0
DA:211,0
DA:212,0
DA:213,0
DA:216,0
DA:217,0
DA:219,0
DA:220,0
DA:221,0
DA:222,0
DA:223,0
DA:226,0
DA:227,0
DA:228,0
DA:230,0
DA:243,0
DA:244,0
DA:246,0
DA:266,0
DA:273,0
DA:282,0
DA:291,0
DA:322,0
DA:328,0
DA:362,0
DA:376,0
DA:398,0
DA:421,0
DA:429,0
DA:443,0
DA:457,0
LF:102
LH:0
BRDA:95,0,0,0
BRDA:95,0,1,0
BRDA:110,1,0,0
BRDA:110,1,1,0
BRDA:116,2,0,0
BRDA:116,2,1,0
BRDA:116,3,0,0
BRDA:116,3,1,0
BRDA:121,4,0,0
BRDA:121,4,1,0
BRDA:160,5,0,0
BRDA:160,5,1,0
BRDA:163,6,0,0
BRDA:163,6,1,0
BRDA:163,7,0,0
BRDA:163,7,1,0
BRDA:179,8,0,0
BRDA:179,8,1,0
BRDA:181,9,0,0
BRDA:181,9,1,0
BRDA:192,10,0,0
BRDA:192,10,1,0
BRDA:208,11,0,0
BRDA:208,11,1,0
BRDA:211,12,0,0
BRDA:211,12,1,0
BRDA:211,13,0,0
BRDA:211,13,1,0
BRDA:220,14,0,0
BRDA:220,14,1,0
BRDA:222,15,0,0
BRDA:222,15,1,0
BRDA:244,16,0,0
BRDA:244,16,1,0
BRDA:247,17,0,0
BRDA:247,17,1,0
BRDA:250,18,0,0
BRDA:250,18,1,0
BRDA:257,19,0,0
BRDA:257,19,1,0
BRDA:288,20,0,0
BRDA:288,20,1,0
BRDA:326,21,0,0
BRDA:326,21,1,0
BRDA:333,22,0,0
BRDA:333,22,1,0
BRDA:362,23,0,0
BRDA:362,23,1,0
BRF:48
BRH:0
end_of_record
TN:
SF:app/screens/AccountSetupScreen.tsx
FN:27,(anonymous_0)
FN:57,(anonymous_1)
FN:66,(anonymous_2)
FN:113,(anonymous_3)
FN:187,(anonymous_4)
FN:196,(anonymous_5)
FN:202,(anonymous_6)
FN:214,(anonymous_7)
FN:220,(anonymous_8)
FN:228,(anonymous_9)
FN:241,(anonymous_10)
FN:253,(anonymous_11)
FN:260,(anonymous_12)
FN:287,(anonymous_13)
FN:334,(anonymous_14)
FNF:15
FNH:0
FNDA:0,(anonymous_0)
FNDA:0,(anonymous_1)
FNDA:0,(anonymous_2)
FNDA:0,(anonymous_3)
FNDA:0,(anonymous_4)
FNDA:0,(anonymous_5)
FNDA:0,(anonymous_6)
FNDA:0,(anonymous_7)
FNDA:0,(anonymous_8)
FNDA:0,(anonymous_9)
FNDA:0,(anonymous_10)
FNDA:0,(anonymous_11)
FNDA:0,(anonymous_12)
FNDA:0,(anonymous_13)
FNDA:0,(anonymous_14)
DA:27,0
DA:29,0
DA:30,0
DA:31,0
DA:32,0
DA:33,0
DA:34,0
DA:35,0
DA:36,0
DA:41,0
DA:42,0
DA:43,0
DA:44,0
DA:52,0
DA:57,0
DA:58,0
DA:59,0
DA:66,0
DA:67,0
DA:68,0
DA:69,0
DA:70,0
DA:73,0
DA:74,0
DA:75,0
DA:76,0
DA:77,0
DA:78,0
DA:79,0
DA:80,0
DA:83,0
DA:84,0
DA:92,0
DA:95,0
DA:96,0
DA:97,0
DA:99,0
DA:100,0
DA:102,0
DA:103,0
DA:106,0
DA:113,0
DA:115,0
DA:116,0
DA:117,0
DA:119,0
DA:120,0
DA:121,0
DA:123,0
DA:124,0
DA:125,0
DA:127,0
DA:128,0
DA:129,0
DA:131,0
DA:132,0
DA:133,0
DA:136,0
DA:137,0
DA:139,0
DA:150,0
DA:152,0
DA:153,0
DA:159,0
DA:162,0
DA:163,0
DA:169,0
DA:170,0
DA:174,0
DA:176,0
DA:177,0
DA:178,0
DA:180,0
DA:187,0
DA:188,0
DA:190,0
DA:196,0
DA:202,0
DA:214,0
DA:215,0
DA:220,0
DA:228,0
DA:241,0
DA:242,0
DA:250,0
DA:254,0
DA:260,0
DA:287,0
DA:288,0
DA:290,0
DA:321,0
DA:322,0
DA:329,0
DA:335,0
DA:336,0
DA:337,0
DA:338,0
DA:339,0
DA:340,0
DA:341,0
DA:342,0
DA:343,0
DA:447,0
LF:103
LH:0
BRDA:58,0,0,0
BRDA:58,0,1,0
BRDA:75,1,0,0
BRDA:75,1,1,0
BRDA:83,2,0,0
BRDA:83,2,1,0
BRDA:83,3,0,0
BRDA:83,3,1,0
BRDA:87,4,0,0
BRDA:87,4,1,0
BRDA:88,5,0,0
BRDA:88,5,1,0
BRDA:95,6,0,0
BRDA:95,6,1,0
BRDA:115,7,0,0
BRDA:115,7,1,0
BRDA:119,8,0,0
BRDA:119,8,1,0
BRDA:123,9,0,0
BRDA:123,9,1,0
BRDA:123,10,0,0
BRDA:123,10,1,0
BRDA:123,10,2,0
BRDA:127,11,0,0
BRDA:127,11,1,0
BRDA:127,12,0,0
BRDA:127,12,1,0
BRDA:127,12,2,0
BRDA:131,13,0,0
BRDA:131,13,1,0
BRDA:131,14,0,0
BRDA:131,14,1,0
BRDA:131,14,2,0
BRDA:142,15,0,0
BRDA:142,15,1,0
BRDA:150,16,0,0
BRDA:150,16,1,0
BRDA:177,17,0,0
BRDA:177,17,1,0
BRDA:188,18,0,0
BRDA:188,18,1,0
BRDA:219,19,0,0
BRDA:219,19,1,0
BRDA:222,20,0,0
BRDA:222,20,1,0
BRDA:227,21,0,0
BRDA:227,21,1,0
BRDA:230,22,0,0
BRDA:230,22,1,0
BRDA:258,23,0,0
BRDA:258,23,1,0
BRDA:265,24,0,0
BRDA:265,24,1,0
BRDA:273,25,0,0
BRDA:273,25,1,0
BRDA:288,26,0,0
BRDA:288,26,1,0
BRDA:321,27,0,0
BRDA:321,27,1,0
BRDA:349,28,0,0
BRDA:349,28,1,0
BRDA:353,29,0,0
BRDA:353,29,1,0
BRDA:353,30,0,0
BRDA:353,30,1,0
BRDA:361,31,0,0
BRDA:361,31,1,0
BRDA:431,32,0,0
BRDA:431,32,1,0
BRDA:435,33,0,0
BRDA:435,33,1,0
BRF:71
BRH:0
end_of_record
TN:
SF:app/screens/GitHubRecipesScreen.tsx
FN:34,GitHubRecipesScreen
FN:60,(anonymous_1)
FN:65,(anonymous_2)
FN:74,(anonymous_3)
FN:84,(anonymous_4)
FN:86,(anonymous_5)
FN:103,(anonymous_6)
FN:109,(anonymous_7)
FN:124,(anonymous_8)
FN:133,(anonymous_9)
FN:149,(anonymous_10)
FN:163,(anonymous_11)
FN:166,(anonymous_12)
FN:174,(anonymous_13)
FN:192,(anonymous_14)
FN:227,(anonymous_15)
FN:245,(anonymous_16)
FN:280,(anonymous_17)
FN:294,(anonymous_18)
FN:296,(anonymous_19)
FN:308,(anonymous_20)
FN:321,(anonymous_21)
FN:324,(anonymous_22)
FN:329,(anonymous_23)
FN:342,(anonymous_24)
FN:345,(anonymous_25)
FN:348,(anonymous_26)
FN:360,(anonymous_27)
FN:371,(anonymous_28)
FN:394,(anonymous_29)
FN:418,(anonymous_30)
FN:431,(anonymous_31)
FN:437,(anonymous_32)
FN:473,(anonymous_33)
FN:485,(anonymous_34)
FN:496,(anonymous_35)
FN:541,(anonymous_36)
FN:554,(anonymous_37)
FN:583,(anonymous_38)
FN:598,(anonymous_39)
FN:612,(anonymous_40)
FN:618,(anonymous_41)
FN:624,(anonymous_42)
FN:636,(anonymous_43)
FN:643,(anonymous_44)
FN:665,(anonymous_45)
FN:671,(anonymous_46)
FN:677,(anonymous_47)
FN:683,(anonymous_48)
FN:719,(anonymous_49)
FNF:50
FNH:0
FNDA:0,GitHubRecipesScreen
FNDA:0,(anonymous_1)
FNDA:0,(anonymous_2)
FNDA:0,(anonymous_3)
FNDA:0,(anonymous_4)
FNDA:0,(anonymous_5)
FNDA:0,(anonymous_6)
FNDA:0,(anonymous_7)
FNDA:0,(anonymous_8)
FNDA:0,(anonymous_9)
FNDA:0,(anonymous_10)
FNDA:0,(anonymous_11)
FNDA:0,(anonymous_12)
FNDA:0,(anonymous_13)
FNDA:0,(anonymous_14)
FNDA:0,(anonymous_15)
FNDA:0,(anonymous_16)
FNDA:0,(anonymous_17)
FNDA:0,(anonymous_18)
FNDA:0,(anonymous_19)
FNDA:0,(anonymous_20)
FNDA:0,(anonymous_21)
FNDA:0,(anonymous_22)
FNDA:0,(anonymous_23)
FNDA:0,(anonymous_24)
FNDA:0,(anonymous_25)
FNDA:0,(anonymous_26)
FNDA:0,(anonymous_27)
FNDA:0,(anonymous_28)
FNDA:0,(anonymous_29)
FNDA:0,(anonymous_30)
FNDA:0,(anonymous_31)
FNDA:0,(anonymous_32)
FNDA:0,(anonymous_33)
FNDA:0,(anonymous_34)
FNDA:0,(anonymous_35)
FNDA:0,(anonymous_36)
FNDA:0,(anonymous_37)
FNDA:0,(anonymous_38)
FNDA:0,(anonymous_39)
FNDA:0,(anonymous_40)
FNDA:0,(anonymous_41)
FNDA:0,(anonymous_42)
FNDA:0,(anonymous_43)
FNDA:0,(anonymous_44)
FNDA:0,(anonymous_45)
FNDA:0,(anonymous_46)
FNDA:0,(anonymous_47)
FNDA:0,(anonymous_48)
FNDA:0,(anonymous_49)
DA:36,0
DA:37,0
DA:38,0
DA:41,0
DA:42,0
DA:43,0
DA:44,0
DA:47,0
DA:53,0
DA:54,0
DA:57,0
DA:60,0
DA:61,0
DA:65,0
DA:66,0
DA:74,0
DA:75,0
DA:76,0
DA:77,0
DA:78,0
DA:79,0
DA:80,0
DA:83,0
DA:84,0
DA:85,0
DA:86,0
DA:89,0
DA:91,0
DA:92,0
DA:94,0
DA:103,0
DA:104,0
DA:107,0
DA:108,0
DA:109,0
DA:111,0
DA:112,0
DA:115,0
DA:116,0
DA:119,0
DA:120,0
DA:123,0
DA:124,0
DA:125,0
DA:127,0
DA:131,0
DA:132,0
DA:133,0
DA:134,0
DA:136,0
DA:137,0
DA:138,0
DA:139,0
DA:143,0
DA:148,0
DA:149,0
DA:150,0
DA:151,0
DA:154,0
DA:155,0
DA:157,0
DA:162,0
DA:163,0
DA:164,0
DA:166,0
DA:167,0
DA:173,0
DA:174,0
DA:175,0
DA:176,0
DA:177,0
DA:181,0
DA:192,0
DA:194,0
DA:196,0
DA:197,0
DA:198,0
DA:199,0
DA:200,0
DA:201,0
DA:202,0
DA:208,0
DA:209,0
DA:211,0
DA:212,0
DA:214,0
DA:215,0
DA:217,0
DA:227,0
DA:228,0
DA:229,0
DA:230,0
DA:231,0
DA:232,0
DA:234,0
DA:245,0
DA:247,0
DA:256,0
DA:257,0
DA:258,0
DA:260,0
DA:261,0
DA:262,0
DA:263,0
DA:266,0
DA:267,0
DA:272,0
DA:280,0
DA:281,0
DA:282,0
DA:283,0
DA:284,0
DA:294,0
DA:295,0
DA:296,0
DA:298,0
DA:308,0
DA:309,0
DA:310,0
DA:321,0
DA:322,0
DA:324,0
DA:325,0
DA:328,0
DA:329,0
DA:332,0
DA:342,0
DA:343,0
DA:345,0
DA:346,0
DA:348,0
DA:350,0
DA:360,0
DA:362,0
DA:363,0
DA:364,0
DA:365,0
DA:366,0
DA:368,0
DA:371,0
DA:395,0
DA:418,0
DA:419,0
DA:421,0
DA:422,0
DA:423,0
DA:424,0
DA:426,0
DA:431,0
DA:437,0
DA:474,0
DA:486,0
DA:497,0
DA:510,0
DA:511,0
DA:520,0
DA:541,0
DA:554,0
DA:584,0
DA:585,0
DA:599,0
DA:600,0
DA:612,0
DA:618,0
DA:624,0
DA:637,0
DA:643,0
DA:665,0
DA:671,0
DA:677,0
DA:683,0
DA:719,0
DA:732,0
LF:173
LH:0
BRDA:85,0,0,0
BRDA:85,0,1,0
BRDA:85,1,0,0
BRDA:85,1,1,0
BRDA:107,2,0,0
BRDA:107,2,1,0
BRDA:111,3,0,0
BRDA:111,3,1,0
BRDA:111,3,2,0
BRDA:112,4,0,0
BRDA:112,4,1,0
BRDA:115,5,0,0
BRDA:115,5,1,0
BRDA:116,6,0,0
BRDA:116,6,1,0
BRDA:119,7,0,0
BRDA:119,7,1,0
BRDA:120,8,0,0
BRDA:120,8,1,0
BRDA:123,9,0,0
BRDA:123,9,1,0
BRDA:123,10,0,0
BRDA:123,10,1,0
BRDA:127,11,0,0
BRDA:127,11,1,0
BRDA:131,12,0,0
BRDA:131,12,1,0
BRDA:132,13,0,0
BRDA:132,13,1,0
BRDA:136,14,0,0
BRDA:136,14,1,0
BRDA:137,15,0,0
BRDA:137,15,1,0
BRDA:139,16,0,0
BRDA:139,16,1,0
BRDA:148,17,0,0
BRDA:148,17,1,0
BRDA:148,18,0,0
BRDA:148,18,1,0
BRDA:151,19,0,0
BRDA:151,19,1,0
BRDA:154,20,0,0
BRDA:154,20,1,0
BRDA:154,21,0,0
BRDA:154,21,1,0
BRDA:155,22,0,0
BRDA:155,22,1,0
BRDA:155,23,0,0
BRDA:155,23,1,0
BRDA:162,24,0,0
BRDA:162,24,1,0
BRDA:164,25,0,0
BRDA:164,25,1,0
BRDA:164,26,0,0
BRDA:164,26,1,0
BRDA:173,27,0,0
BRDA:173,27,1,0
BRDA:176,28,0,0
BRDA:176,28,1,0
BRDA:198,29,0,0
BRDA:198,29,1,0
BRDA:198,30,0,0
BRDA:198,30,1,0
BRDA:199,31,0,0
BRDA:199,31,1,0
BRDA:200,32,0,0
BRDA:200,32,1,0
BRDA:202,33,0,0
BRDA:202,33,1,0
BRDA:208,34,0,0
BRDA:208,34,1,0
BRDA:209,35,0,0
BRDA:209,35,1,0
BRDA:211,36,0,0
BRDA:211,36,1,0
BRDA:211,37,0,0
BRDA:211,37,1,0
BRDA:214,38,0,0
BRDA:214,38,1,0
BRDA:215,39,0,0
BRDA:215,39,1,0
BRDA:228,40,0,0
BRDA:228,40,1,0
BRDA:228,41,0,0
BRDA:228,41,1,0
BRDA:229,42,0,0
BRDA:229,42,1,0
BRDA:230,43,0,0
BRDA:230,43,1,0
BRDA:232,44,0,0
BRDA:232,44,1,0
BRDA:258,45,0,0
BRDA:258,45,1,0
BRDA:258,46,0,0
BRDA:258,46,1,0
BRDA:260,47,0,0
BRDA:260,47,1,0
BRDA:261,48,0,0
BRDA:261,48,1,0
BRDA:263,49,0,0
BRDA:263,49,1,0
BRDA:266,50,0,0
BRDA:266,50,1,0
BRDA:266,51,0,0
BRDA:266,51,1,0
BRDA:295,52,0,0
BRDA:295,52,1,0
BRDA:322,53,0,0
BRDA:322,53,1,0
BRDA:325,54,0,0
BRDA:325,54,1,0
BRDA:325,55,0,0
BRDA:325,55,1,0
BRDA:343,56,0,0
BRDA:343,56,1,0
BRDA:346,57,0,0
BRDA:346,57,1,0
BRDA:362,58,0,0
BRDA:362,58,1,0
BRDA:362,58,2,0
BRDA:363,59,0,0
BRDA:363,59,1,0
BRDA:364,60,0,0
BRDA:364,60,1,0
BRDA:365,61,0,0
BRDA:365,61,1,0
BRDA:377,62,0,0
BRDA:377,62,1,0
BRDA:382,63,0,0
BRDA:382,63,1,0
BRDA:387,64,0,0
BRDA:387,64,1,0
BRDA:392,65,0,0
BRDA:392,65,1,0
BRDA:399,66,0,0
BRDA:399,66,1,0
BRDA:406,67,0,0
BRDA:406,67,1,0
BRDA:419,68,0,0
BRDA:419,68,1,0
BRDA:421,69,0,0
BRDA:421,69,1,0
BRDA:421,69,2,0
BRDA:445,70,0,0
BRDA:445,70,1,0
BRDA:449,71,0,0
BRDA:449,71,1,0
BRDA:453,72,0,0
BRDA:453,72,1,0
BRDA:457,73,0,0
BRDA:457,73,1,0
BRDA:461,74,0,0
BRDA:461,74,1,0
BRDA:465,75,0,0
BRDA:465,75,1,0
BRDA:469,76,0,0
BRDA:469,76,1,0
BRDA:469,76,2,0
BRDA:482,77,0,0
BRDA:482,77,1,0
BRDA:493,78,0,0
BRDA:493,78,1,0
BRDA:510,79,0,0
BRDA:510,79,1,0
BRDA:539,80,0,0
BRDA:539,80,1,0
BRDA:557,81,0,0
BRDA:557,81,1,0
BRDA:560,82,0,0
BRDA:560,82,1,0
BRDA:560,82,2,0
BRDA:560,82,3,0
BRDA:560,82,4,0
BRDA:563,83,0,0
BRDA:563,83,1,0
BRDA:563,84,0,0
BRDA:563,84,1,0
BRDA:563,85,0,0
BRDA:563,85,1,0
BRDA:570,86,0,0
BRDA:570,86,1,0
BRDA:582,87,0,0
BRDA:582,87,1,0
BRDA:584,88,0,0
BRDA:584,88,1,0
BRDA:597,89,0,0
BRDA:597,89,1,0
BRDA:599,90,0,0
BRDA:599,90,1,0
BRDA:632,91,0,0
BRDA:632,91,1,0
BRDA:641,92,0,0
BRDA:641,92,1,0
BRDA:648,93,0,0
BRDA:648,93,1,0
BRDA:664,94,0,0
BRDA:664,94,1,0
BRDA:665,95,0,0
BRDA:665,95,1,0
BRDA:667,96,0,0
BRDA:667,96,1,0
BRDA:670,97,0,0
BRDA:670,97,1,0
BRDA:671,98,0,0
BRDA:671,98,1,0
BRDA:673,99,0,0
BRDA:673,99,1,0
BRDA:676,100,0,0
BRDA:676,100,1,0
BRDA:677,101,0,0
BRDA:677,101,1,0
BRDA:679,102,0,0
BRDA:679,102,1,0
BRDA:682,103,0,0
BRDA:682,103,1,0
BRDA:683,104,0,0
BRDA:683,104,1,0
BRDA:685,105,0,0
BRDA:685,105,1,0
BRDA:690,106,0,0
BRDA:690,106,1,0
BRDA:690,106,2,0
BRDA:690,106,3,0
BRDA:690,106,4,0
BRDA:702,107,0,0
BRDA:702,107,1,0
BRDA:705,108,0,0
BRDA:705,108,1,0
BRDA:708,109,0,0
BRDA:708,109,1,0
BRDA:714,110,0,0
BRDA:714,110,1,0
BRF:232
BRH:0
end_of_record
TN:
SF:app/screens/IngredientsScreen.tsx
FN:19,IngredientsScreen
FN:26,(anonymous_1)
FN:30,(anonymous_2)
FN:34,(anonymous_3)
FN:34,(anonymous_4)
FN:37,(anonymous_5)
FN:44,(anonymous_6)
FN:48,(anonymous_7)
FN:55,(anonymous_8)
FN:98,(anonymous_9)
FN:111,(anonymous_10)
FN:124,(anonymous_11)
FNF:12
FNH:0
FNDA:0,IngredientsScreen
FNDA:0,(anonymous_1)
FNDA:0,(anonymous_2)
FNDA:0,(anonymous_3)
FNDA:0,(anonymous_4)
FNDA:0,(anonymous_5)
FNDA:0,(anonymous_6)
FNDA:0,(anonymous_7)
FNDA:0,(anonymous_8)
FNDA:0,(anonymous_9)
FNDA:0,(anonymous_10)
FNDA:0,(anonymous_11)
DA:21,0
DA:22,0
DA:23,0
DA:24,0
DA:26,0
DA:27,0
DA:30,0
DA:31,0
DA:32,0
DA:33,0
DA:34,0
DA:37,0
DA:38,0
DA:39,0
DA:40,0
DA:44,0
DA:45,0
DA:48,0
DA:55,0
DA:56,0
DA:75,0
DA:98,0
DA:111,0
DA:124,0
DA:138,0
LF:25
LH:0
BRDA:38,0,0,0
BRDA:38,0,1,0
BRDA:66,1,0,0
BRDA:66,1,1,0
BRDA:69,2,0,0
BRDA:69,2,1,0
BRDA:94,3,0,0
BRDA:94,3,1,0
BRDA:104,4,0,0
BRDA:104,4,1,0
BRDA:117,5,0,0
BRDA:117,5,1,0
BRDA:129,6,0,0
BRDA:129,6,1,0
BRF:14
BRH:0
end_of_record
TN:
SF:app/screens/NutritionTrackerScreen.tsx
FN:37,(anonymous_0)
FN:67,(anonymous_1)
FN:73,(anonymous_2)
FN:86,(anonymous_3)
FN:102,(anonymous_4)
FN:118,(anonymous_5)
FN:142,(anonymous_6)
FN:217,(anonymous_7)
FN:262,(anonymous_8)
FN:271,(anonymous_9)
FN:292,(anonymous_10)
FN:294,(anonymous_11)
FN:301,(anonymous_12)
FN:319,(anonymous_13)
FN:356,(anonymous_14)
FN:498,(anonymous_15)
FN:539,(anonymous_16)
FN:546,(anonymous_17)
FN:586,(anonymous_18)
FN:654,(anonymous_19)
FN:687,(anonymous_20)
FN:768,(anonymous_21)
FN:796,(anonymous_22)
FN:814,(anonymous_23)
FN:822,(anonymous_24)
FN:830,(anonymous_25)
FN:838,(anonymous_26)
FNF:27
FNH:0
FNDA:0,(anonymous_0)
FNDA:0,(anonymous_1)
FNDA:0,(anonymous_2)
FNDA:0,(anonymous_3)
FNDA:0,(anonymous_4)
FNDA:0,(anonymous_5)
FNDA:0,(anonymous_6)
FNDA:0,(anonymous_7)
FNDA:0,(anonymous_8)
FNDA:0,(anonymous_9)
FNDA:0,(anonymous_10)
FNDA:0,(anonymous_11)
FNDA:0,(anonymous_12)
FNDA:0,(anonymous_13)
FNDA:0,(anonymous_14)
FNDA:0,(anonymous_15)
FNDA:0,(anonymous_16)
FNDA:0,(anonymous_17)
FNDA:0,(anonymous_18)
FNDA:0,(anonymous_19)
FNDA:0,(anonymous_20)
FNDA:0,(anonymous_21)
FNDA:0,(anonymous_22)
FNDA:0,(anonymous_23)
FNDA:0,(anonymous_24)
FNDA:0,(anonymous_25)
FNDA:0,(anonymous_26)
DA:37,0
DA:39,0
DA:40,0
DA:41,0
DA:42,0
DA:43,0
DA:44,0
DA:45,0
DA:46,0
DA:47,0
DA:48,0
DA:49,0
DA:50,0
DA:53,0
DA:54,0
DA:55,0
DA:56,0
DA:57,0
DA:60,0
DA:61,0
DA:62,0
DA:63,0
DA:64,0
DA:67,0
DA:68,0
DA:69,0
DA:73,0
DA:74,0
DA:75,0
DA:76,0
DA:77,0
DA:78,0
DA:79,0
DA:86,0
DA:87,0
DA:88,0
DA:89,0
DA:90,0
DA:92,0
DA:93,0
DA:95,0
DA:102,0
DA:103,0
DA:104,0
DA:105,0
DA:106,0
DA:108,0
DA:109,0
DA:111,0
DA:118,0
DA:119,0
DA:120,0
DA:121,0
DA:122,0
DA:124,0
DA:125,0
DA:126,0
DA:127,0
DA:128,0
DA:131,0
DA:133,0
DA:135,0
DA:142,0
DA:144,0
DA:145,0
DA:146,0
DA:148,0
DA:149,0
DA:150,0
DA:152,0
DA:153,0
DA:154,0
DA:156,0
DA:157,0
DA:158,0
DA:160,0
DA:161,0
DA:162,0
DA:165,0
DA:166,0
DA:169,0
DA:177,0
DA:178,0
DA:179,0
DA:182,0
DA:192,0
DA:193,0
DA:196,0
DA:197,0
DA:198,0
DA:199,0
DA:200,0
DA:201,0
DA:202,0
DA:203,0
DA:204,0
DA:205,0
DA:207,0
DA:208,0
DA:210,0
DA:217,0
DA:219,0
DA:220,0
DA:221,0
DA:223,0
DA:224,0
DA:225,0
DA:227,0
DA:228,0
DA:229,0
DA:231,0
DA:232,0
DA:233,0
DA:236,0
DA:237,0
DA:239,0
DA:247,0
DA:248,0
DA:249,0
DA:250,0
DA:252,0
DA:253,0
DA:255,0
DA:262,0
DA:263,0
DA:272,0
DA:273,0
DA:274,0
DA:275,0
DA:276,0
DA:278,0
DA:279,0
DA:281,0
DA:292,0
DA:293,0
DA:295,0
DA:301,0
DA:319,0
DA:325,0
DA:326,0
DA:327,0
DA:329,0
DA:356,0
DA:357,0
DA:498,0
DA:499,0
DA:540,0
DA:546,0
DA:586,0
DA:587,0
DA:655,0
DA:687,0
DA:688,0
DA:769,0
DA:771,0
DA:772,0
DA:773,0
DA:774,0
DA:775,0
DA:796,0
DA:808,0
DA:814,0
DA:822,0
DA:830,0
DA:838,0
DA:855,0
LF:166
LH:0
BRDA:74,0,0,0
BRDA:74,0,1,0
BRDA:76,1,0,0
BRDA:76,1,1,0
BRDA:78,2,0,0
BRDA:78,2,1,0
BRDA:124,3,0,0
BRDA:124,3,1,0
BRDA:144,4,0,0
BRDA:144,4,1,0
BRDA:148,5,0,0
BRDA:148,5,1,0
BRDA:148,6,0,0
BRDA:148,6,1,0
BRDA:152,7,0,0
BRDA:152,7,1,0
BRDA:152,8,0,0
BRDA:152,8,1,0
BRDA:156,9,0,0
BRDA:156,9,1,0
BRDA:156,10,0,0
BRDA:156,10,1,0
BRDA:160,11,0,0
BRDA:160,11,1,0
BRDA:160,12,0,0
BRDA:160,12,1,0
BRDA:177,13,0,0
BRDA:177,13,1,0
BRDA:178,14,0,0
BRDA:178,14,1,0
BRDA:179,15,0,0
BRDA:179,15,1,0
BRDA:189,16,0,0
BRDA:189,16,1,0
BRDA:219,17,0,0
BRDA:219,17,1,0
BRDA:219,18,0,0
BRDA:219,18,1,0
BRDA:223,19,0,0
BRDA:223,19,1,0
BRDA:223,20,0,0
BRDA:223,20,1,0
BRDA:227,21,0,0
BRDA:227,21,1,0
BRDA:227,22,0,0
BRDA:227,22,1,0
BRDA:231,23,0,0
BRDA:231,23,1,0
BRDA:231,24,0,0
BRDA:231,24,1,0
BRDA:299,25,0,0
BRDA:299,25,1,0
BRDA:306,26,0,0
BRDA:306,26,1,0
BRDA:325,27,0,0
BRDA:325,27,1,0
BRDA:342,28,0,0
BRDA:342,28,1,0
BRDA:347,29,0,0
BRDA:347,29,1,0
BRDA:486,30,0,0
BRDA:486,30,1,0
BRDA:502,31,0,0
BRDA:502,31,1,0
BRDA:504,32,0,0
BRDA:504,32,1,0
BRDA:507,33,0,0
BRDA:507,33,1,0
BRDA:538,34,0,0
BRDA:538,34,1,0
BRDA:538,35,0,0
BRDA:538,35,1,0
BRDA:546,36,0,0
BRDA:546,36,1,0
BRDA:566,37,0,0
BRDA:566,37,1,0
BRDA:590,38,0,0
BRDA:590,38,1,0
BRDA:592,39,0,0
BRDA:592,39,1,0
BRDA:691,40,0,0
BRDA:691,40,1,0
BRDA:696,41,0,0
BRDA:696,41,1,0
BRDA:696,41,2,0
BRDA:719,42,0,0
BRDA:719,42,1,0
BRDA:764,43,0,0
BRDA:764,43,1,0
BRDA:771,44,0,0
BRDA:771,44,1,0
BRDA:786,45,0,0
BRDA:786,45,1,0
BRDA:799,46,0,0
BRDA:799,46,1,0
BRDA:813,47,0,0
BRDA:813,47,1,0
BRDA:816,48,0,0
BRDA:816,48,1,0
BRDA:821,49,0,0
BRDA:821,49,1,0
BRDA:824,50,0,0
BRDA:824,50,1,0
BRDA:829,51,0,0
BRDA:829,51,1,0
BRDA:832,52,0,0
BRDA:832,52,1,0
BRDA:837,53,0,0
BRDA:837,53,1,0
BRDA:840,54,0,0
BRDA:840,54,1,0
BRDA:847,55,0,0
BRDA:847,55,1,0
BRDA:848,56,0,0
BRDA:848,56,1,0
BRDA:849,57,0,0
BRDA:849,57,1,0
BRDA:850,58,0,0
BRDA:850,58,1,0
BRF:119
BRH:0
end_of_record
TN:
SF:app/screens/RecipesScreen.tsx
FN:33,RecipesScreen
FN:45,(anonymous_1)
FN:50,(anonymous_2)
FN:58,(anonymous_3)
FN:78,(anonymous_4)
FN:83,(anonymous_5)
FN:96,(anonymous_6)
FN:104,(anonymous_7)
FN:144,(anonymous_8)
FN:155,(anonymous_9)
FN:177,(anonymous_10)
FN:186,(anonymous_11)
FN:195,(anonymous_12)
FN:204,(anonymous_13)
FN:250,(anonymous_14)
FN:260,(anonymous_15)
FNF:16
FNH:0
FNDA:0,RecipesScreen
FNDA:0,(anonymous_1)
FNDA:0,(anonymous_2)
FNDA:0,(anonymous_3)
FNDA:0,(anonymous_4)
FNDA:0,(anonymous_5)
FNDA:0,(anonymous_6)
FNDA:0,(anonymous_7)
FNDA:0,(anonymous_8)
FNDA:0,(anonymous_9)
FNDA:0,(anonymous_10)
FNDA:0,(anonymous_11)
FNDA:0,(anonymous_12)
FNDA:0,(anonymous_13)
FNDA:0,(anonymous_14)
FNDA:0,(anonymous_15)
DA:35,0
DA:38,0
DA:39,0
DA:40,0
DA:41,0
DA:42,0
DA:45,0
DA:46,0
DA:50,0
DA:51,0
DA:58,0
DA:59,0
DA:60,0
DA:61,0
DA:62,0
DA:63,0
DA:64,0
DA:66,0
DA:67,0
DA:69,0
DA:78,0
DA:79,0
DA:82,0
DA:83,0
DA:84,0
DA:85,0
DA:89,0
DA:96,0
DA:97,0
DA:104,0
DA:105,0
DA:106,0
DA:128,0
DA:129,0
DA:137,0
DA:144,0
DA:155,0
DA:177,0
DA:186,0
DA:195,0
DA:204,0
DA:250,0
DA:260,0
DA:269,0
LF:44
LH:0
BRDA:82,0,0,0
BRDA:82,0,1,0
BRDA:110,1,0,0
BRDA:110,1,1,0
BRDA:128,2,0,0
BRDA:128,2,1,0
BRDA:158,3,0,0
BRDA:158,3,1,0
BRDA:161,4,0,0
BRDA:161,4,1,0
BRDA:169,5,0,0
BRDA:169,5,1,0
BRDA:176,6,0,0
BRDA:176,6,1,0
BRDA:179,7,0,0
BRDA:179,7,1,0
BRDA:185,8,0,0
BRDA:185,8,1,0
BRDA:188,9,0,0
BRDA:188,9,1,0
BRDA:194,10,0,0
BRDA:194,10,1,0
BRDA:197,11,0,0
BRDA:197,11,1,0
BRDA:203,12,0,0
BRDA:203,12,1,0
BRDA:206,13,0,0
BRDA:206,13,1,0
BRDA:213,14,0,0
BRDA:213,14,1,0
BRDA:224,15,0,0
BRDA:224,15,1,0
BRDA:231,16,0,0
BRDA:231,16,1,0
BRDA:243,17,0,0
BRDA:243,17,1,0
BRDA:250,18,0,0
BRDA:250,18,1,0
BRF:38
BRH:0
end_of_record
TN:
SF:app/screens/ShoppingListScreen.tsx
FN:51,ShoppingListScreen
FN:88,(anonymous_1)
FN:97,(anonymous_2)
FN:121,(anonymous_3)
FN:135,(anonymous_4)
FN:200,(anonymous_5)
FN:201,(anonymous_6)
FN:208,(anonymous_7)
FN:216,(anonymous_8)
FN:228,(anonymous_9)
FN:233,(anonymous_10)
FN:254,(anonymous_11)
FN:260,(anonymous_12)
FN:279,(anonymous_13)
FN:280,(anonymous_14)
FN:283,(anonymous_15)
FN:285,(anonymous_16)
FN:297,(anonymous_17)
FN:311,(anonymous_18)
FN:323,(anonymous_19)
FN:326,(anonymous_20)
FN:329,(anonymous_21)
FN:331,(anonymous_22)
FN:343,(anonymous_23)
FN:345,(anonymous_24)
FN:369,(anonymous_25)
FN:406,(anonymous_26)
FN:428,(anonymous_27)
FN:434,(anonymous_28)
FN:443,(anonymous_29)
FN:451,(anonymous_30)
FN:458,(anonymous_31)
FN:462,(anonymous_32)
FN:468,(anonymous_33)
FN:486,(anonymous_34)
FN:503,(anonymous_35)
FN:507,(anonymous_36)
FN:514,(anonymous_37)
FN:545,(anonymous_38)
FN:575,(anonymous_39)
FN:583,(anonymous_40)
FN:619,(anonymous_41)
FN:636,(anonymous_42)
FN:650,(anonymous_43)
FN:671,(anonymous_44)
FNF:45
FNH:0
FNDA:0,ShoppingListScreen
FNDA:0,(anonymous_1)
FNDA:0,(anonymous_2)
FNDA:0,(anonymous_3)
FNDA:0,(anonymous_4)
FNDA:0,(anonymous_5)
FNDA:0,(anonymous_6)
FNDA:0,(anonymous_7)
FNDA:0,(anonymous_8)
FNDA:0,(anonymous_9)
FNDA:0,(anonymous_10)
FNDA:0,(anonymous_11)
FNDA:0,(anonymous_12)
FNDA:0,(anonymous_13)
FNDA:0,(anonymous_14)
FNDA:0,(anonymous_15)
FNDA:0,(anonymous_16)
FNDA:0,(anonymous_17)
FNDA:0,(anonymous_18)
FNDA:0,(anonymous_19)
FNDA:0,(anonymous_20)
FNDA:0,(anonymous_21)
FNDA:0,(anonymous_22)
FNDA:0,(anonymous_23)
FNDA:0,(anonymous_24)
FNDA:0,(anonymous_25)
FNDA:0,(anonymous_26)
FNDA:0,(anonymous_27)
FNDA:0,(anonymous_28)
FNDA:0,(anonymous_29)
FNDA:0,(anonymous_30)
FNDA:0,(anonymous_31)
FNDA:0,(anonymous_32)
FNDA:0,(anonymous_33)
FNDA:0,(anonymous_34)
FNDA:0,(anonymous_35)
FNDA:0,(anonymous_36)
FNDA:0,(anonymous_37)
FNDA:0,(anonymous_38)
FNDA:0,(anonymous_39)
FNDA:0,(anonymous_40)
FNDA:0,(anonymous_41)
FNDA:0,(anonymous_42)
FNDA:0,(anonymous_43)
FNDA:0,(anonymous_44)
DA:61,0
DA:65,0
DA:66,0
DA:69,0
DA:70,0
DA:71,0
DA:72,0
DA:75,0
DA:81,0
DA:82,0
DA:83,0
DA:88,0
DA:89,0
DA:97,0
DA:98,0
DA:99,0
DA:101,0
DA:106,0
DA:107,0
DA:109,0
DA:110,0
DA:112,0
DA:121,0
DA:122,0
DA:123,0
DA:124,0
DA:135,0
DA:137,0
DA:138,0
DA:139,0
DA:142,0
DA:143,0
DA:146,0
DA:149,0
DA:157,0
DA:160,0
DA:161,0
DA:162,0
DA:171,0
DA:172,0
DA:173,0
DA:174,0
DA:176,0
DA:181,0
DA:185,0
DA:187,0
DA:188,0
DA:190,0
DA:191,0
DA:200,0
DA:201,0
DA:208,0
DA:209,0
DA:216,0
DA:217,0
DA:219,0
DA:220,0
DA:221,0
DA:223,0
DA:224,0
DA:225,0
DA:228,0
DA:229,0
DA:234,0
DA:235,0
DA:236,0
DA:237,0
DA:239,0
DA:240,0
DA:254,0
DA:255,0
DA:261,0
DA:263,0
DA:264,0
DA:266,0
DA:269,0
DA:271,0
DA:272,0
DA:279,0
DA:280,0
DA:281,0
DA:283,0
DA:284,0
DA:285,0
DA:286,0
DA:289,0
DA:290,0
DA:294,0
DA:297,0
DA:298,0
DA:299,0
DA:300,0
DA:303,0
DA:304,0
DA:306,0
DA:307,0
DA:308,0
DA:311,0
DA:312,0
DA:313,0
DA:314,0
DA:315,0
DA:317,0
DA:322,0
DA:323,0
DA:324,0
DA:326,0
DA:327,0
DA:329,0
DA:330,0
DA:331,0
DA:332,0
DA:335,0
DA:336,0
DA:341,0
DA:343,0
DA:345,0
DA:353,0
DA:354,0
DA:355,0
DA:356,0
DA:360,0
DA:362,0
DA:363,0
DA:365,0
DA:369,0
DA:370,0
DA:371,0
DA:373,0
DA:374,0
DA:375,0
DA:376,0
DA:377,0
DA:383,0
DA:384,0
DA:385,0
DA:389,0
DA:391,0
DA:392,0
DA:398,0
DA:401,0
DA:402,0
DA:406,0
DA:407,0
DA:408,0
DA:409,0
DA:411,0
DA:428,0
DA:434,0
DA:443,0
DA:444,0
DA:451,0
DA:458,0
DA:459,0
DA:462,0
DA:468,0
DA:487,0
DA:504,0
DA:508,0
DA:514,0
DA:530,0
DA:545,0
DA:575,0
DA:583,0
DA:619,0
DA:636,0
DA:650,0
DA:671,0
DA:689,0
LF:169
LH:0
BRDA:137,0,0,0
BRDA:137,0,1,0
BRDA:143,1,0,0
BRDA:143,1,1,0
BRDA:151,2,0,0
BRDA:151,2,1,0
BRDA:161,3,0,0
BRDA:161,3,1,0
BRDA:171,4,0,0
BRDA:171,4,1,0
BRDA:173,5,0,0
BRDA:173,5,1,0
BRDA:174,6,0,0
BRDA:174,6,1,0
BRDA:174,7,0,0
BRDA:174,7,1,0
BRDA:201,8,0,0
BRDA:201,8,1,0
BRDA:219,9,0,0
BRDA:219,9,1,0
BRDA:219,10,0,0
BRDA:219,10,1,0
BRDA:263,11,0,0
BRDA:263,11,1,0
BRDA:286,12,0,0
BRDA:286,12,1,0
BRDA:289,13,0,0
BRDA:289,13,1,0
BRDA:298,14,0,0
BRDA:298,14,1,0
BRDA:313,15,0,0
BRDA:313,15,1,0
BRDA:315,16,0,0
BRDA:315,16,1,0
BRDA:324,17,0,0
BRDA:324,17,1,0
BRDA:324,18,0,0
BRDA:324,18,1,0
BRDA:332,19,0,0
BRDA:332,19,1,0
BRDA:335,20,0,0
BRDA:335,20,1,0
BRDA:342,21,0,0
BRDA:342,21,1,0
BRDA:342,21,2,0
BRDA:344,22,0,0
BRDA:344,22,1,0
BRDA:346,23,0,0
BRDA:346,23,1,0
BRDA:353,24,0,0
BRDA:353,24,1,0
BRDA:355,25,0,0
BRDA:355,25,1,0
BRDA:376,26,0,0
BRDA:376,26,1,0
BRDA:391,27,0,0
BRDA:391,27,1,0
BRDA:394,28,0,0
BRDA:394,28,1,0
BRDA:408,29,0,0
BRDA:408,29,1,0
BRDA:409,30,0,0
BRDA:409,30,1,0
BRDA:420,31,0,0
BRDA:420,31,1,0
BRDA:421,32,0,0
BRDA:421,32,1,0
BRDA:447,33,0,0
BRDA:447,33,1,0
BRDA:476,34,0,0
BRDA:476,34,1,0
BRDA:481,35,0,0
BRDA:481,35,1,0
BRDA:500,36,0,0
BRDA:500,36,1,0
BRDA:534,37,0,0
BRDA:534,37,1,0
BRDA:542,38,0,0
BRDA:542,38,1,0
BRDA:555,39,0,0
BRDA:555,39,1,0
BRDA:564,40,0,0
BRDA:564,40,1,0
BRDA:574,41,0,0
BRDA:574,41,1,0
BRDA:577,42,0,0
BRDA:577,42,1,0
BRDA:582,43,0,0
BRDA:582,43,1,0
BRDA:585,44,0,0
BRDA:585,44,1,0
BRDA:594,45,0,0
BRDA:594,45,1,0
BRDA:609,46,0,0
BRDA:609,46,1,0
BRDA:610,47,0,0
BRDA:610,47,1,0
BRDA:619,48,0,0
BRDA:619,48,1,0
BRDA:625,49,0,0
BRDA:625,49,1,0
BRDA:636,50,0,0
BRDA:636,50,1,0
BRF:103
BRH:0
end_of_record
TN:
SF:app/screens/WeightTrackingScreen.tsx
FN:30,(anonymous_0)
FN:48,(anonymous_1)
FN:56,(anonymous_2)
FN:63,(anonymous_3)
FN:76,(anonymous_4)
FN:94,(anonymous_5)
FN:117,(anonymous_6)
FN:166,(anonymous_7)
FN:175,(anonymous_8)
FN:196,(anonymous_9)
FN:209,(anonymous_10)
FN:219,(anonymous_11)
FN:225,(anonymous_12)
FN:237,(anonymous_13)
FN:292,(anonymous_14)
FN:300,(anonymous_15)
FN:308,(anonymous_16)
FN:357,(anonymous_17)
FN:476,(anonymous_18)
FN:495,(anonymous_19)
FN:503,(anonymous_20)
FN:511,(anonymous_21)
FNF:22
FNH:0
FNDA:0,(anonymous_0)
FNDA:0,(anonymous_1)
FNDA:0,(anonymous_2)
FNDA:0,(anonymous_3)
FNDA:0,(anonymous_4)
FNDA:0,(anonymous_5)
FNDA:0,(anonymous_6)
FNDA:0,(anonymous_7)
FNDA:0,(anonymous_8)
FNDA:0,(anonymous_9)
FNDA:0,(anonymous_10)
FNDA:0,(anonymous_11)
FNDA:0,(anonymous_12)
FNDA:0,(anonymous_13)
FNDA:0,(anonymous_14)
FNDA:0,(anonymous_15)
FNDA:0,(anonymous_16)
FNDA:0,(anonymous_17)
FNDA:0,(anonymous_18)
FNDA:0,(anonymous_19)
FNDA:0,(anonymous_20)
FNDA:0,(anonymous_21)
DA:30,0
DA:32,0
DA:33,0
DA:34,0
DA:37,0
DA:38,0
DA:39,0
DA:40,0
DA:43,0
DA:48,0
DA:49,0
DA:50,0
DA:56,0
DA:57,0
DA:63,0
DA:64,0
DA:65,0
DA:66,0
DA:67,0
DA:68,0
DA:76,0
DA:77,0
DA:79,0
DA:80,0
DA:81,0
DA:82,0
DA:84,0
DA:85,0
DA:87,0
DA:94,0
DA:95,0
DA:97,0
DA:98,0
DA:99,0
DA:100,0
DA:102,0
DA:103,0
DA:105,0
DA:107,0
DA:110,0
DA:117,0
DA:119,0
DA:120,0
DA:121,0
DA:123,0
DA:124,0
DA:125,0
DA:128,0
DA:129,0
DA:131,0
DA:138,0
DA:140,0
DA:146,0
DA:147,0
DA:148,0
DA:151,0
DA:152,0
DA:155,0
DA:156,0
DA:157,0
DA:159,0
DA:166,0
DA:167,0
DA:176,0
DA:177,0
DA:178,0
DA:179,0
DA:180,0
DA:182,0
DA:183,0
DA:185,0
DA:196,0
DA:197,0
DA:198,0
DA:203,0
DA:209,0
DA:210,0
DA:212,0
DA:219,0
DA:225,0
DA:237,0
DA:238,0
DA:292,0
DA:293,0
DA:301,0
DA:308,0
DA:357,0
DA:358,0
DA:462,0
DA:463,0
DA:470,0
DA:477,0
DA:478,0
DA:479,0
DA:480,0
DA:481,0
DA:495,0
DA:503,0
DA:511,0
DA:527,0
LF:100
LH:0
BRDA:64,0,0,0
BRDA:64,0,1,0
BRDA:65,1,0,0
BRDA:65,1,1,0
BRDA:67,2,0,0
BRDA:67,2,1,0
BRDA:77,3,0,0
BRDA:77,3,1,0
BRDA:95,4,0,0
BRDA:95,4,1,0
BRDA:103,5,0,0
BRDA:103,5,1,0
BRDA:119,6,0,0
BRDA:119,6,1,0
BRDA:119,7,0,0
BRDA:119,7,1,0
BRDA:119,7,2,0
BRDA:123,8,0,0
BRDA:123,8,1,0
BRDA:135,9,0,0
BRDA:135,9,1,0
BRDA:151,10,0,0
BRDA:151,10,1,0
BRDA:156,11,0,0
BRDA:156,11,1,0
BRDA:210,12,0,0
BRDA:210,12,1,0
BRDA:276,13,0,0
BRDA:276,13,1,0
BRDA:296,14,0,0
BRDA:296,14,1,0
BRDA:298,15,0,0
BRDA:298,15,1,0
BRDA:308,16,0,0
BRDA:308,16,1,0
BRDA:315,17,0,0
BRDA:315,17,1,0
BRDA:315,17,2,0
BRDA:320,18,0,0
BRDA:320,18,1,0
BRDA:323,19,0,0
BRDA:323,19,1,0
BRDA:328,20,0,0
BRDA:328,20,1,0
BRDA:333,21,0,0
BRDA:333,21,1,0
BRDA:361,22,0,0
BRDA:361,22,1,0
BRDA:363,23,0,0
BRDA:363,23,1,0
BRDA:382,24,0,0
BRDA:382,24,1,0
BRDA:385,25,0,0
BRDA:385,25,1,0
BRDA:402,26,0,0
BRDA:402,26,1,0
BRDA:409,27,0,0
BRDA:409,27,1,0
BRDA:410,28,0,0
BRDA:410,28,1,0
BRDA:411,29,0,0
BRDA:411,29,1,0
BRDA:412,30,0,0
BRDA:412,30,1,0
BRDA:462,31,0,0
BRDA:462,31,1,0
BRDA:494,32,0,0
BRDA:494,32,1,0
BRDA:497,33,0,0
BRDA:497,33,1,0
BRDA:502,34,0,0
BRDA:502,34,1,0
BRDA:505,35,0,0
BRDA:505,35,1,0
BRDA:510,36,0,0
BRDA:510,36,1,0
BRDA:513,37,0,0
BRDA:513,37,1,0
BRDA:520,38,0,0
BRDA:520,38,1,0
BRDA:521,39,0,0
BRDA:521,39,1,0
BRDA:522,40,0,0
BRDA:522,40,1,0
BRF:84
BRH:0
end_of_record
TN:
SF:app/services/api.ts
FN:329,(anonymous_0)
FN:346,(anonymous_1)
FN:361,(anonymous_2)
FN:377,(anonymous_3)
FN:392,(anonymous_4)
FN:409,(anonymous_5)
FN:425,(anonymous_6)
FN:441,(anonymous_7)
FN:457,(anonymous_8)
FN:472,(anonymous_9)
FN:489,(anonymous_10)
FN:507,(anonymous_11)
FN:538,(anonymous_12)
FN:554,(anonymous_13)
FN:570,(anonymous_14)
FN:585,(anonymous_15)
FN:605,(anonymous_16)
FN:638,(anonymous_17)
FN:681,(anonymous_18)
FN:701,(anonymous_19)
FN:728,(anonymous_20)
FN:746,(anonymous_21)
FN:772,(anonymous_22)
FN:791,(anonymous_23)
FN:806,(anonymous_24)
FN:821,(anonymous_25)
FN:838,(anonymous_26)
FN:854,(anonymous_27)
FN:875,(anonymous_28)
FN:900,(anonymous_29)
FN:916,(anonymous_30)
FN:941,(anonymous_31)
FN:958,(anonymous_32)
FN:977,(anonymous_33)
FN:1000,(anonymous_34)
FN:1015,(anonymous_35)
FNF:36
FNH:33
FNDA:3,(anonymous_0)
FNDA:5,(anonymous_1)
FNDA:2,(anonymous_2)
FNDA:2,(anonymous_3)
FNDA:1,(anonymous_4)
FNDA:1,(anonymous_5)
FNDA:2,(anonymous_6)
FNDA:1,(anonymous_7)
FNDA:1,(anonymous_8)
FNDA:0,(anonymous_9)
FNDA:3,(anonymous_10)
FNDA:3,(anonymous_11)
FNDA:1,(anonymous_12)
FNDA:2,(anonymous_13)
FNDA:1,(anonymous_14)
FNDA:1,(anonymous_15)
FNDA:4,(anonymous_16)
FNDA:3,(anonymous_17)
FNDA:1,(anonymous_18)
FNDA:3,(anonymous_19)
FNDA:3,(anonymous_20)
FNDA:3,(anonymous_21)
FNDA:2,(anonymous_22)
FNDA:0,(anonymous_23)
FNDA:0,(anonymous_24)
FNDA:3,(anonymous_25)
FNDA:1,(anonymous_26)
FNDA:3,(anonymous_27)
FNDA:5,(anonymous_28)
FNDA:3,(anonymous_29)
FNDA:3,(anonymous_30)
FNDA:2,(anonymous_31)
FNDA:3,(anonymous_32)
FNDA:2,(anonymous_33)
FNDA:2,(anonymous_34)
FNDA:3,(anonymous_35)
DA:18,1
DA:21,1
DA:329,1
DA:330,3
DA:331,3
DA:332,1
DA:334,2
DA:335,2
DA:346,1
DA:347,5
DA:348,5
DA:349,3
DA:351,2
DA:352,2
DA:361,1
DA:362,2
DA:363,2
DA:364,1
DA:366,1
DA:367,1
DA:377,1
DA:378,2
DA:379,2
DA:380,2
DA:382,0
DA:383,0
DA:392,1
DA:393,1
DA:394,1
DA:395,1
DA:397,0
DA:398,0
DA:409,1
DA:410,1
DA:411,1
DA:412,1
DA:414,0
DA:415,0
DA:425,1
DA:426,2
DA:427,2
DA:428,2
DA:430,0
DA:431,0
DA:441,1
DA:442,1
DA:443,1
DA:444,1
DA:446,0
DA:447,0
DA:457,1
DA:458,1
DA:459,1
DA:460,1
DA:462,0
DA:463,0
DA:472,1
DA:473,0
DA:474,0
DA:475,0
DA:477,0
DA:478,0
DA:489,1
DA:490,3
DA:491,3
DA:494,3
DA:496,0
DA:497,0
DA:507,1
DA:523,3
DA:524,3
DA:525,2
DA:527,1
DA:528,1
DA:538,1
DA:539,1
DA:540,1
DA:541,1
DA:543,0
DA:544,0
DA:554,1
DA:555,2
DA:556,2
DA:557,1
DA:559,1
DA:560,1
DA:570,1
DA:571,1
DA:572,1
DA:573,1
DA:575,0
DA:576,0
DA:585,1
DA:586,1
DA:587,1
DA:588,1
DA:590,0
DA:591,0
DA:605,1
DA:618,4
DA:619,4
DA:624,4
DA:626,0
DA:627,0
DA:638,1
DA:666,3
DA:667,3
DA:670,3
DA:672,0
DA:673,0
DA:681,1
DA:685,1
DA:686,1
DA:687,1
DA:689,0
DA:690,0
DA:701,1
DA:712,3
DA:713,3
DA:714,3
DA:716,0
DA:717,0
DA:728,1
DA:729,3
DA:730,3
DA:731,3
DA:733,0
DA:734,0
DA:746,1
DA:752,3
DA:753,3
DA:754,3
DA:755,3
DA:756,3
DA:758,3
DA:759,3
DA:761,0
DA:762,0
DA:772,1
DA:776,2
DA:777,2
DA:778,2
DA:780,0
DA:781,0
DA:791,1
DA:792,0
DA:793,0
DA:794,0
DA:796,0
DA:797,0
DA:806,1
DA:807,0
DA:808,0
DA:809,0
DA:811,0
DA:812,0
DA:821,1
DA:824,3
DA:825,3
DA:826,3
DA:828,0
DA:829,0
DA:838,1
DA:839,1
DA:840,1
DA:841,1
DA:843,0
DA:844,0
DA:854,1
DA:858,3
DA:859,3
DA:860,3
DA:861,3
DA:863,0
DA:864,0
DA:875,1
DA:886,5
DA:887,5
DA:888,5
DA:890,0
DA:891,0
DA:900,1
DA:901,3
DA:902,3
DA:903,1
DA:905,2
DA:906,2
DA:916,1
DA:927,3
DA:928,3
DA:929,3
DA:931,0
DA:932,0
DA:941,1
DA:942,2
DA:943,2
DA:944,2
DA:946,0
DA:947,0
DA:958,1
DA:961,3
DA:962,3
DA:963,3
DA:965,0
DA:966,0
DA:977,1
DA:982,2
DA:983,2
DA:984,2
DA:985,2
DA:987,2
DA:988,2
DA:990,0
DA:991,0
DA:1000,1
DA:1001,2
DA:1002,2
DA:1003,2
DA:1005,0
DA:1006,0
DA:1015,1
DA:1016,3
DA:1017,3
DA:1018,3
DA:1020,0
DA:1021,0
LF:226
LH:157
BRDA:18,0,0,1
BRDA:18,0,1,0
BRDA:640,1,0,0
BRDA:754,2,0,1
BRDA:754,2,1,2
BRDA:755,3,0,1
BRDA:755,3,1,2
BRDA:756,4,0,1
BRDA:756,4,1,2
BRDA:859,5,0,2
BRDA:859,5,1,1
BRDA:984,6,0,1
BRDA:984,6,1,1
BRDA:985,7,0,1
BRDA:985,7,1,1
BRF:15
BRH:13
end_of_record
TN:
SF:app/services/priceEstimation.ts
FN:172,estimatePrice
FN:259,estimateTotalCost
FN:264,(anonymous_2)
FN:270,(anonymous_3)
FN:282,formatPrice
FN:298,getConfidenceIcon
FNF:6
FNH:0
FNDA:0,estimatePrice
FNDA:0,estimateTotalCost
FNDA:0,(anonymous_2)
FNDA:0,(anonymous_3)
FNDA:0,formatPrice
FNDA:0,getConfidenceIcon
DA:41,0
DA:138,0
DA:173,0
DA:176,0
DA:177,0
DA:187,0
DA:188,0
DA:189,0
DA:200,0
DA:224,0
DA:225,0
DA:226,0
DA:237,0
DA:264,0
DA:270,0
DA:272,0
DA:283,0
DA:299,0
DA:301,0
DA:303,0
DA:305,0
LF:21
LH:0
BRDA:176,0,0,0
BRDA:176,0,1,0
BRDA:188,1,0,0
BRDA:188,1,1,0
BRDA:188,2,0,0
BRDA:188,2,1,0
BRDA:225,3,0,0
BRDA:225,3,1,0
BRDA:299,4,0,0
BRDA:299,4,1,0
BRDA:299,4,2,0
BRF:11
BRH:0
end_of_record
TN:
SF:app/utils/recipeMatching.ts
FN:15,(anonymous_0)
FN:26,(anonymous_1)
FN:42,(anonymous_2)
FN:49,(anonymous_3)
FN:50,(anonymous_4)
FN:76,(anonymous_5)
FN:82,(anonymous_6)
FN:83,(anonymous_7)
FN:84,(anonymous_8)
FN:90,(anonymous_9)
FN:96,(anonymous_10)
FN:97,(anonymous_11)
FN:98,(anonymous_12)
FNF:13
FNH:0
FNDA:0,(anonymous_0)
FNDA:0,(anonymous_1)
FNDA:0,(anonymous_2)
FNDA:0,(anonymous_3)
FNDA:0,(anonymous_4)
FNDA:0,(anonymous_5)
FNDA:0,(anonymous_6)
FNDA:0,(anonymous_7)
FNDA:0,(anonymous_8)
FNDA:0,(anonymous_9)
FNDA:0,(anonymous_10)
FNDA:0,(anonymous_11)
FNDA:0,(anonymous_12)
DA:15,0
DA:16,0
DA:26,0
DA:27,0
DA:28,0
DA:31,0
DA:34,0
DA:36,0
DA:42,0
DA:46,0
DA:47,0
DA:49,0
DA:50,0
DA:51,0
DA:54,0
DA:55,0
DA:57,0
DA:61,0
DA:65,0
DA:76,0
DA:81,0
DA:82,0
DA:83,0
DA:84,0
DA:90,0
DA:95,0
DA:96,0
DA:97,0
DA:98,0
LF:29
LH:0
BRDA:31,0,0,0
BRDA:31,0,1,0
BRDA:34,1,0,0
BRDA:34,1,1,0
BRDA:34,2,0,0
BRDA:34,2,1,0
BRDA:54,3,0,0
BRDA:54,3,1,0
BRDA:79,4,0,0
BRDA:93,5,0,0
BRF:10
BRH:0
end_of_record
TN:
SF:app/utils/store.ts
FN:80,(anonymous_0)
FN:96,(anonymous_1)
FN:102,(anonymous_2)
FN:103,(anonymous_3)
FN:111,(anonymous_4)
FN:112,(anonymous_5)
FN:113,(anonymous_6)
FN:121,(anonymous_7)
FN:127,(anonymous_8)
FN:128,(anonymous_9)
FN:135,(anonymous_10)
FN:136,(anonymous_11)
FN:138,(anonymous_12)
FN:148,(anonymous_13)
FN:156,(anonymous_14)
FN:164,(anonymous_15)
FN:170,(anonymous_16)
FN:176,(anonymous_17)
FNF:18
FNH:18
FNDA:1,(anonymous_0)
FNDA:48,(anonymous_1)
FNDA:3,(anonymous_2)
FNDA:3,(anonymous_3)
FNDA:3,(anonymous_4)
FNDA:3,(anonymous_5)
FNDA:3,(anonymous_6)
FNDA:41,(anonymous_7)
FNDA:7,(anonymous_8)
FNDA:7,(anonymous_9)
FNDA:2,(anonymous_10)
FNDA:2,(anonymous_11)
FNDA:4,(anonymous_12)
FNDA:48,(anonymous_13)
FNDA:42,(anonymous_14)
FNDA:43,(anonymous_15)
FNDA:43,(anonymous_16)
FNDA:42,(anonymous_17)
DA:80,1
DA:96,48
DA:103,3
DA:112,3
DA:113,3
DA:121,41
DA:128,7
DA:136,2
DA:138,4
DA:148,48
DA:156,42
DA:164,43
DA:170,43
DA:176,42
LF:14
LH:14
BRF:0
BRH:0
end_of_record
